# JRE version: Java(TM) SE Runtime Environment (8.0_411) (build 1.8.0_411-b09)
# Java VM: Java HotSpot(TM) 64-Bit Server VM (25.411-b09 mixed mode windows-amd64 compressed oops)
Heap:
 PSYoungGen      total 139776K, used 25124K [0x000000076c500000, 0x000000077c000000, 0x00000007c0000000)
  eden space 129024K, 13% used [0x000000076c500000,0x000000076d61d438,0x0000000774300000)
  from space 10752K, 70% used [0x0000000774300000,0x0000000774a6be38,0x0000000774d80000)
  to   space 31744K, 0% used [0x000000077a100000,0x000000077a100000,0x000000077c000000)
 ParOldGen       total 98304K, used 9642K [0x00000006c4e00000, 0x00000006cae00000, 0x000000076c500000)
  object space 98304K, 9% used [0x00000006c4e00000,0x00000006c576ab48,0x00000006cae00000)
 Metaspace       used 25887K, capacity 26428K, committed 26544K, reserved 1073152K
  class space    used 3065K, capacity 3244K, committed 3248K, reserved 1048576K
GC Heap History (10 events):
Event: 7.997 GC heap before
{Heap before GC invocations=6 (full 0):
 PSYoungGen      total 139776K, used 139744K [0x000000076c500000, 0x0000000775800000, 0x00000007c0000000)
  eden space 129024K, 100% used [0x000000076c500000,0x0000000774300000,0x0000000774300000)
  from space 10752K, 99% used [0x0000000774300000,0x0000000774d783e0,0x0000000774d80000)
  to   space 10752K, 0% used [0x0000000774d80000,0x0000000774d80000,0x0000000775800000)
 ParOldGen       total 172032K, used 32525K [0x00000006c4e00000, 0x00000006cf600000, 0x000000076c500000)
  object space 172032K, 18% used [0x00000006c4e00000,0x00000006c6dc3470,0x00000006cf600000)
 Metaspace       used 15910K, capacity 16314K, committed 16512K, reserved 1064960K
  class space    used 1758K, capacity 1907K, committed 1920K, reserved 1048576K
Event: 10.032 GC heap after
Heap after GC invocations=6 (full 0):
 PSYoungGen      total 139776K, used 10744K [0x000000076c500000, 0x0000000775800000, 0x00000007c0000000)
  eden space 129024K, 0% used [0x000000076c500000,0x000000076c500000,0x0000000774300000)
  from space 10752K, 99% used [0x0000000774d80000,0x00000007757fe048,0x0000000775800000)
  to   space 10752K, 0% used [0x0000000774300000,0x0000000774300000,0x0000000774d80000)
 ParOldGen       total 172032K, used 49581K [0x00000006c4e00000, 0x00000006cf600000, 0x000000076c500000)
  object space 172032K, 28% used [0x00000006c4e00000,0x00000006c7e6b4c0,0x00000006cf600000)
 Metaspace       used 15910K, capacity 16314K, committed 16512K, reserved 1064960K
  class space    used 1758K, capacity 1907K, committed 1920K, reserved 1048576K
}
Event: 12.023 GC heap before
{Heap before GC invocations=7 (full 0):
 PSYoungGen      total 139776K, used 139768K [0x000000076c500000, 0x0000000775800000, 0x00000007c0000000)
  eden space 129024K, 100% used [0x000000076c500000,0x0000000774300000,0x0000000774300000)
  from space 10752K, 99% used [0x0000000774d80000,0x00000007757fe048,0x0000000775800000)
  to   space 10752K, 0% used [0x0000000774300000,0x0000000774300000,0x0000000774d80000)
 ParOldGen       total 172032K, used 49581K [0x00000006c4e00000, 0x00000006cf600000, 0x000000076c500000)
  object space 172032K, 28% used [0x00000006c4e00000,0x00000006c7e6b4c0,0x00000006cf600000)
 Metaspace       used 20588K, capacity 21044K, committed 21248K, reserved 1069056K
  class space    used 2376K, capacity 2544K, committed 2560K, reserved 1048576K
Event: 12.031 GC heap after
Heap after GC invocations=7 (full 0):
 PSYoungGen      total 135680K, used 10726K [0x000000076c500000, 0x0000000777900000, 0x00000007c0000000)
  eden space 124928K, 0% used [0x000000076c500000,0x000000076c500000,0x0000000773f00000)
  from space 10752K, 99% used [0x0000000774300000,0x0000000774d798f0,0x0000000774d80000)
  to   space 29696K, 0% used [0x0000000775c00000,0x0000000775c00000,0x0000000777900000)
 ParOldGen       total 172032K, used 55623K [0x00000006c4e00000, 0x00000006cf600000, 0x000000076c500000)
  object space 172032K, 32% used [0x00000006c4e00000,0x00000006c8451df0,0x00000006cf600000)
 Metaspace       used 20588K, capacity 21044K, committed 21248K, reserved 1069056K
  class space    used 2376K, capacity 2544K, committed 2560K, reserved 1048576K
}
Event: 12.073 GC heap before
{Heap before GC invocations=8 (full 0):
 PSYoungGen      total 135680K, used 15479K [0x000000076c500000, 0x0000000777900000, 0x00000007c0000000)
  eden space 124928K, 3% used [0x000000076c500000,0x000000076c9a45b0,0x0000000773f00000)
  from space 10752K, 99% used [0x0000000774300000,0x0000000774d798f0,0x0000000774d80000)
  to   space 29696K, 0% used [0x0000000775c00000,0x0000000775c00000,0x0000000777900000)
 ParOldGen       total 172032K, used 55623K [0x00000006c4e00000, 0x00000006cf600000, 0x000000076c500000)
  object space 172032K, 32% used [0x00000006c4e00000,0x00000006c8451df0,0x00000006cf600000)
 Metaspace       used 20755K, capacity 21204K, committed 21296K, reserved 1069056K
  class space    used 2400K, capacity 2576K, committed 2608K, reserved 1048576K
Event: 14.096 GC heap after
Heap after GC invocations=8 (full 0):
 PSYoungGen      total 154624K, used 2544K [0x000000076c500000, 0x0000000777900000, 0x00000007c0000000)
  eden space 124928K, 0% used [0x000000076c500000,0x000000076c500000,0x0000000773f00000)
  from space 29696K, 8% used [0x0000000775c00000,0x0000000775e7c010,0x0000000777900000)
  to   space 10752K, 0% used [0x0000000774300000,0x0000000774300000,0x0000000774d80000)
 ParOldGen       total 172032K, used 55791K [0x00000006c4e00000, 0x00000006cf600000, 0x000000076c500000)
  object space 172032K, 32% used [0x00000006c4e00000,0x00000006c847bdf0,0x00000006cf600000)
 Metaspace       used 20755K, capacity 21204K, committed 21296K, reserved 1069056K
  class space    used 2400K, capacity 2576K, committed 2608K, reserved 1048576K
}
Event: 14.096 GC heap before
{Heap before GC invocations=9 (full 1):
 PSYoungGen      total 154624K, used 2544K [0x000000076c500000, 0x0000000777900000, 0x00000007c0000000)
  eden space 124928K, 0% used [0x000000076c500000,0x000000076c500000,0x0000000773f00000)
  from space 29696K, 8% used [0x0000000775c00000,0x0000000775e7c010,0x0000000777900000)
  to   space 10752K, 0% used [0x0000000774300000,0x0000000774300000,0x0000000774d80000)
 ParOldGen       total 172032K, used 55791K [0x00000006c4e00000, 0x00000006cf600000, 0x000000076c500000)
  object space 172032K, 32% used [0x00000006c4e00000,0x00000006c847bdf0,0x00000006cf600000)
 Metaspace       used 20755K, capacity 21204K, committed 21296K, reserved 1069056K
  class space    used 2400K, capacity 2576K, committed 2608K, reserved 1048576K
Event: 14.115 GC heap after
Heap after GC invocations=9 (full 1):
 PSYoungGen      total 154624K, used 0K [0x000000076c500000, 0x0000000777900000, 0x00000007c0000000)
  eden space 124928K, 0% used [0x000000076c500000,0x000000076c500000,0x0000000773f00000)
  from space 29696K, 0% used [0x0000000775c00000,0x0000000775c00000,0x0000000777900000)
  to   space 10752K, 0% used [0x0000000774300000,0x0000000774300000,0x0000000774d80000)
 ParOldGen       total 98304K, used 9634K [0x00000006c4e00000, 0x00000006cae00000, 0x000000076c500000)
  object space 98304K, 9% used [0x00000006c4e00000,0x00000006c5768b48,0x00000006cae00000)
 Metaspace       used 20755K, capacity 21204K, committed 21296K, reserved 1069056K
  class space    used 2400K, capacity 2576K, committed 2608K, reserved 1048576K
}
Event: 15.335 GC heap before
{Heap before GC invocations=10 (full 1):
 PSYoungGen      total 154624K, used 124928K [0x000000076c500000, 0x0000000777900000, 0x00000007c0000000)
  eden space 124928K, 100% used [0x000000076c500000,0x0000000773f00000,0x0000000773f00000)
  from space 29696K, 0% used [0x0000000775c00000,0x0000000775c00000,0x0000000777900000)
  to   space 10752K, 0% used [0x0000000774300000,0x0000000774300000,0x0000000774d80000)
 ParOldGen       total 98304K, used 9634K [0x00000006c4e00000, 0x00000006cae00000, 0x000000076c500000)
  object space 98304K, 9% used [0x00000006c4e00000,0x00000006c5768b48,0x00000006cae00000)
 Metaspace       used 25685K, capacity 26204K, committed 26288K, reserved 1073152K
  class space    used 3031K, capacity 3212K, committed 3248K, reserved 1048576K
Event: 16.345 GC heap after
Heap after GC invocations=10 (full 1):
 PSYoungGen      total 139776K, used 7599K [0x000000076c500000, 0x000000077c000000, 0x00000007c0000000)
  eden space 129024K, 0% used [0x000000076c500000,0x000000076c500000,0x0000000774300000)
  from space 10752K, 70% used [0x0000000774300000,0x0000000774a6be38,0x0000000774d80000)
  to   space 31744K, 0% used [0x000000077a100000,0x000000077a100000,0x000000077c000000)
 ParOldGen       total 98304K, used 9642K [0x00000006c4e00000, 0x00000006cae00000, 0x000000076c500000)
  object space 98304K, 9% used [0x00000006c4e00000,0x00000006c576ab48,0x00000006cae00000)
 Metaspace       used 25685K, capacity 26204K, committed 26288K, reserved 1073152K
  class space    used 3031K, capacity 3212K, committed 3248K, reserved 1048576K
}

