# JRE version: Java(TM) SE Runtime Environment (8.0_411) (build 1.8.0_411-b09)
# Java VM: Java HotSpot(TM) 64-Bit Server VM (25.411-b09 mixed mode windows-amd64 compressed oops)
Heap:
 PSYoungGen      total 428544K, used 135750K [0x000000076c500000, 0x0000000796600000, 0x00000007c0000000)
  eden space 422400K, 30% used [0x000000076c500000,0x00000007743e8e90,0x0000000786180000)
  from space 6144K, 94% used [0x0000000793880000,0x0000000793e28c58,0x0000000793e80000)
  to   space 25088K, 0% used [0x0000000794d80000,0x0000000794d80000,0x0000000796600000)
 ParOldGen       total 152064K, used 18194K [0x00000006c4e00000, 0x00000006ce280000, 0x000000076c500000)
  object space 152064K, 11% used [0x00000006c4e00000,0x00000006c5fc4928,0x00000006ce280000)
 Metaspace       used 45951K, capacity 46834K, committed 47024K, reserved 1091584K
  class space    used 5292K, capacity 5508K, committed 5552K, reserved 1048576K
GC Heap History (10 events):
Event: 265.644 GC heap before
{Heap before GC invocations=17 (full 2):
 PSYoungGen      total 522752K, used 522505K [0x000000076c500000, 0x000000079a000000, 0x00000007c0000000)
  eden space 516608K, 100% used [0x000000076c500000,0x000000078bd80000,0x000000078bd80000)
  from space 6144K, 95% used [0x0000000799a00000,0x0000000799fc2460,0x000000079a000000)
  to   space 28672K, 0% used [0x0000000796800000,0x0000000796800000,0x0000000798400000)
 ParOldGen       total 152064K, used 18170K [0x00000006c4e00000, 0x00000006ce280000, 0x000000076c500000)
  object space 152064K, 11% used [0x00000006c4e00000,0x00000006c5fbe928,0x00000006ce280000)
 Metaspace       used 45714K, capacity 46532K, committed 46768K, reserved 1091584K
  class space    used 5269K, capacity 5498K, committed 5552K, reserved 1048576K
Event: 265.651 GC heap after
Heap after GC invocations=17 (full 2):
 PSYoungGen      total 502272K, used 5939K [0x000000076c500000, 0x0000000799a80000, 0x00000007c0000000)
  eden space 496128K, 0% used [0x000000076c500000,0x000000076c500000,0x000000078a980000)
  from space 6144K, 96% used [0x0000000796800000,0x0000000796dccc48,0x0000000796e00000)
  to   space 28160K, 0% used [0x0000000797f00000,0x0000000797f00000,0x0000000799a80000)
 ParOldGen       total 152064K, used 18170K [0x00000006c4e00000, 0x00000006ce280000, 0x000000076c500000)
  object space 152064K, 11% used [0x00000006c4e00000,0x00000006c5fbe928,0x00000006ce280000)
 Metaspace       used 45714K, capacity 46532K, committed 46768K, reserved 1091584K
  class space    used 5269K, capacity 5498K, committed 5552K, reserved 1048576K
}
Event: 283.133 GC heap before
{Heap before GC invocations=18 (full 2):
 PSYoungGen      total 502272K, used 502067K [0x000000076c500000, 0x0000000799a80000, 0x00000007c0000000)
  eden space 496128K, 100% used [0x000000076c500000,0x000000078a980000,0x000000078a980000)
  from space 6144K, 96% used [0x0000000796800000,0x0000000796dccc48,0x0000000796e00000)
  to   space 28160K, 0% used [0x0000000797f00000,0x0000000797f00000,0x0000000799a80000)
 ParOldGen       total 152064K, used 18170K [0x00000006c4e00000, 0x00000006ce280000, 0x000000076c500000)
  object space 152064K, 11% used [0x00000006c4e00000,0x00000006c5fbe928,0x00000006ce280000)
 Metaspace       used 45715K, capacity 46532K, committed 46768K, reserved 1091584K
  class space    used 5269K, capacity 5498K, committed 5552K, reserved 1048576K
Event: 283.138 GC heap after
Heap after GC invocations=18 (full 2):
 PSYoungGen      total 482304K, used 5763K [0x000000076c500000, 0x0000000798500000, 0x00000007c0000000)
  eden space 476160K, 0% used [0x000000076c500000,0x000000076c500000,0x0000000789600000)
  from space 6144K, 93% used [0x0000000797f00000,0x00000007984a0c58,0x0000000798500000)
  to   space 27648K, 0% used [0x0000000794f00000,0x0000000794f00000,0x0000000796a00000)
 ParOldGen       total 152064K, used 18178K [0x00000006c4e00000, 0x00000006ce280000, 0x000000076c500000)
  object space 152064K, 11% used [0x00000006c4e00000,0x00000006c5fc0928,0x00000006ce280000)
 Metaspace       used 45715K, capacity 46532K, committed 46768K, reserved 1091584K
  class space    used 5269K, capacity 5498K, committed 5552K, reserved 1048576K
}
Event: 311.621 GC heap before
{Heap before GC invocations=19 (full 2):
 PSYoungGen      total 482304K, used 481923K [0x000000076c500000, 0x0000000798500000, 0x00000007c0000000)
  eden space 476160K, 100% used [0x000000076c500000,0x0000000789600000,0x0000000789600000)
  from space 6144K, 93% used [0x0000000797f00000,0x00000007984a0c58,0x0000000798500000)
  to   space 27648K, 0% used [0x0000000794f00000,0x0000000794f00000,0x0000000796a00000)
 ParOldGen       total 152064K, used 18178K [0x00000006c4e00000, 0x00000006ce280000, 0x000000076c500000)
  object space 152064K, 11% used [0x00000006c4e00000,0x00000006c5fc0928,0x00000006ce280000)
 Metaspace       used 45716K, capacity 46532K, committed 46768K, reserved 1091584K
  class space    used 5269K, capacity 5498K, committed 5552K, reserved 1048576K
Event: 311.626 GC heap after
Heap after GC invocations=19 (full 2):
 PSYoungGen      total 463360K, used 5859K [0x000000076c500000, 0x0000000797f80000, 0x00000007c0000000)
  eden space 457216K, 0% used [0x000000076c500000,0x000000076c500000,0x0000000788380000)
  from space 6144K, 95% used [0x0000000794f00000,0x00000007954b8c38,0x0000000795500000)
  to   space 26624K, 0% used [0x0000000796580000,0x0000000796580000,0x0000000797f80000)
 ParOldGen       total 152064K, used 18186K [0x00000006c4e00000, 0x00000006ce280000, 0x000000076c500000)
  object space 152064K, 11% used [0x00000006c4e00000,0x00000006c5fc2928,0x00000006ce280000)
 Metaspace       used 45716K, capacity 46532K, committed 46768K, reserved 1091584K
  class space    used 5269K, capacity 5498K, committed 5552K, reserved 1048576K
}
Event: 331.254 GC heap before
{Heap before GC invocations=20 (full 2):
 PSYoungGen      total 463360K, used 463075K [0x000000076c500000, 0x0000000797f80000, 0x00000007c0000000)
  eden space 457216K, 100% used [0x000000076c500000,0x0000000788380000,0x0000000788380000)
  from space 6144K, 95% used [0x0000000794f00000,0x00000007954b8c38,0x0000000795500000)
  to   space 26624K, 0% used [0x0000000796580000,0x0000000796580000,0x0000000797f80000)
 ParOldGen       total 152064K, used 18186K [0x00000006c4e00000, 0x00000006ce280000, 0x000000076c500000)
  object space 152064K, 11% used [0x00000006c4e00000,0x00000006c5fc2928,0x00000006ce280000)
 Metaspace       used 45720K, capacity 46532K, committed 46768K, reserved 1091584K
  class space    used 5269K, capacity 5498K, committed 5552K, reserved 1048576K
Event: 331.310 GC heap after
Heap after GC invocations=20 (full 2):
 PSYoungGen      total 445440K, used 5945K [0x000000076c500000, 0x0000000796b80000, 0x00000007c0000000)
  eden space 439296K, 0% used [0x000000076c500000,0x000000076c500000,0x0000000787200000)
  from space 6144K, 96% used [0x0000000796580000,0x0000000796b4e410,0x0000000796b80000)
  to   space 26112K, 0% used [0x0000000793880000,0x0000000793880000,0x0000000795200000)
 ParOldGen       total 152064K, used 18194K [0x00000006c4e00000, 0x00000006ce280000, 0x000000076c500000)
  object space 152064K, 11% used [0x00000006c4e00000,0x00000006c5fc4928,0x00000006ce280000)
 Metaspace       used 45720K, capacity 46532K, committed 46768K, reserved 1091584K
  class space    used 5269K, capacity 5498K, committed 5552K, reserved 1048576K
}
Event: 361.472 GC heap before
{Heap before GC invocations=21 (full 2):
 PSYoungGen      total 445440K, used 445241K [0x000000076c500000, 0x0000000796b80000, 0x00000007c0000000)
  eden space 439296K, 100% used [0x000000076c500000,0x0000000787200000,0x0000000787200000)
  from space 6144K, 96% used [0x0000000796580000,0x0000000796b4e410,0x0000000796b80000)
  to   space 26112K, 0% used [0x0000000793880000,0x0000000793880000,0x0000000795200000)
 ParOldGen       total 152064K, used 18194K [0x00000006c4e00000, 0x00000006ce280000, 0x000000076c500000)
  object space 152064K, 11% used [0x00000006c4e00000,0x00000006c5fc4928,0x00000006ce280000)
 Metaspace       used 45720K, capacity 46532K, committed 46768K, reserved 1091584K
  class space    used 5269K, capacity 5498K, committed 5552K, reserved 1048576K
Event: 361.492 GC heap after
Heap after GC invocations=21 (full 2):
 PSYoungGen      total 428544K, used 5795K [0x000000076c500000, 0x0000000796600000, 0x00000007c0000000)
  eden space 422400K, 0% used [0x000000076c500000,0x000000076c500000,0x0000000786180000)
  from space 6144K, 94% used [0x0000000793880000,0x0000000793e28c58,0x0000000793e80000)
  to   space 25088K, 0% used [0x0000000794d80000,0x0000000794d80000,0x0000000796600000)
 ParOldGen       total 152064K, used 18194K [0x00000006c4e00000, 0x00000006ce280000, 0x000000076c500000)
  object space 152064K, 11% used [0x00000006c4e00000,0x00000006c5fc4928,0x00000006ce280000)
 Metaspace       used 45720K, capacity 46532K, committed 46768K, reserved 1091584K
  class space    used 5269K, capacity 5498K, committed 5552K, reserved 1048576K
}

