# JRE version: Java(TM) SE Runtime Environment (8.0_411) (build 1.8.0_411-b09)
# Java VM: Java HotSpot(TM) 64-Bit Server VM (25.411-b09 mixed mode windows-amd64 compressed oops)
Heap:
 PSYoungGen      total 547328K, used 336954K [0x000000076c500000, 0x000000079f300000, 0x00000007c0000000)
  eden space 506880K, 66% used [0x000000076c500000,0x0000000780e0ea38,0x000000078b400000)
  from space 40448K, 0% used [0x000000078b400000,0x000000078b400000,0x000000078db80000)
  to   space 39936K, 0% used [0x000000079cc00000,0x000000079cc00000,0x000000079f300000)
 ParOldGen       total 140288K, used 24185K [0x00000006c4e00000, 0x00000006cd700000, 0x000000076c500000)
  object space 140288K, 17% used [0x00000006c4e00000,0x00000006c659e768,0x00000006cd700000)
 Metaspace       used 42734K, capacity 43518K, committed 43816K, reserved 1087488K
  class space    used 5075K, capacity 5309K, committed 5424K, reserved 1048576K
GC Heap History (10 events):
Event: 4.880 GC heap before
{Heap before GC invocations=7 (full 0):
 PSYoungGen      total 280064K, used 280060K [0x000000076c500000, 0x000000077fe00000, 0x00000007c0000000)
  eden space 253440K, 100% used [0x000000076c500000,0x000000077bc80000,0x000000077bc80000)
  from space 26624K, 99% used [0x000000077db00000,0x000000077f4ff2c0,0x000000077f500000)
  to   space 31232K, 0% used [0x000000077bc80000,0x000000077bc80000,0x000000077db00000)
 ParOldGen       total 172032K, used 34868K [0x00000006c4e00000, 0x00000006cf600000, 0x000000076c500000)
  object space 172032K, 20% used [0x00000006c4e00000,0x00000006c700d050,0x00000006cf600000)
 Metaspace       used 15909K, capacity 16314K, committed 16512K, reserved 1064960K
  class space    used 1758K, capacity 1907K, committed 1920K, reserved 1048576K
Event: 4.897 GC heap after
Heap after GC invocations=7 (full 0):
 PSYoungGen      total 284672K, used 31209K [0x000000076c500000, 0x0000000790700000, 0x00000007c0000000)
  eden space 253440K, 0% used [0x000000076c500000,0x000000076c500000,0x000000077bc80000)
  from space 31232K, 99% used [0x000000077bc80000,0x000000077dafa748,0x000000077db00000)
  to   space 42496K, 0% used [0x000000078dd80000,0x000000078dd80000,0x0000000790700000)
 ParOldGen       total 172032K, used 48401K [0x00000006c4e00000, 0x00000006cf600000, 0x000000076c500000)
  object space 172032K, 28% used [0x00000006c4e00000,0x00000006c7d44688,0x00000006cf600000)
 Metaspace       used 15909K, capacity 16314K, committed 16512K, reserved 1064960K
  class space    used 1758K, capacity 1907K, committed 1920K, reserved 1048576K
}
Event: 7.332 GC heap before
{Heap before GC invocations=8 (full 0):
 PSYoungGen      total 284672K, used 257001K [0x000000076c500000, 0x0000000790700000, 0x00000007c0000000)
  eden space 253440K, 89% used [0x000000076c500000,0x000000077a180010,0x000000077bc80000)
  from space 31232K, 99% used [0x000000077bc80000,0x000000077dafa748,0x000000077db00000)
  to   space 42496K, 0% used [0x000000078dd80000,0x000000078dd80000,0x0000000790700000)
 ParOldGen       total 172032K, used 48401K [0x00000006c4e00000, 0x00000006cf600000, 0x000000076c500000)
  object space 172032K, 28% used [0x00000006c4e00000,0x00000006c7d44688,0x00000006cf600000)
 Metaspace       used 20756K, capacity 21204K, committed 21296K, reserved 1069056K
  class space    used 2400K, capacity 2576K, committed 2608K, reserved 1048576K
Event: 7.340 GC heap after
Heap after GC invocations=8 (full 0):
 PSYoungGen      total 545280K, used 20237K [0x000000076c500000, 0x0000000790300000, 0x00000007c0000000)
  eden space 506880K, 0% used [0x000000076c500000,0x000000076c500000,0x000000078b400000)
  from space 38400K, 52% used [0x000000078dd80000,0x000000078f143560,0x0000000790300000)
  to   space 40448K, 0% used [0x000000078b400000,0x000000078b400000,0x000000078db80000)
 ParOldGen       total 172032K, used 48561K [0x00000006c4e00000, 0x00000006cf600000, 0x000000076c500000)
  object space 172032K, 28% used [0x00000006c4e00000,0x00000006c7d6c688,0x00000006cf600000)
 Metaspace       used 20756K, capacity 21204K, committed 21296K, reserved 1069056K
  class space    used 2400K, capacity 2576K, committed 2608K, reserved 1048576K
}
Event: 7.340 GC heap before
{Heap before GC invocations=9 (full 1):
 PSYoungGen      total 545280K, used 20237K [0x000000076c500000, 0x0000000790300000, 0x00000007c0000000)
  eden space 506880K, 0% used [0x000000076c500000,0x000000076c500000,0x000000078b400000)
  from space 38400K, 52% used [0x000000078dd80000,0x000000078f143560,0x0000000790300000)
  to   space 40448K, 0% used [0x000000078b400000,0x000000078b400000,0x000000078db80000)
 ParOldGen       total 172032K, used 48561K [0x00000006c4e00000, 0x00000006cf600000, 0x000000076c500000)
  object space 172032K, 28% used [0x00000006c4e00000,0x00000006c7d6c688,0x00000006cf600000)
 Metaspace       used 20756K, capacity 21204K, committed 21296K, reserved 1069056K
  class space    used 2400K, capacity 2576K, committed 2608K, reserved 1048576K
Event: 7.362 GC heap after
Heap after GC invocations=9 (full 1):
 PSYoungGen      total 545280K, used 0K [0x000000076c500000, 0x0000000790300000, 0x00000007c0000000)
  eden space 506880K, 0% used [0x000000076c500000,0x000000076c500000,0x000000078b400000)
  from space 38400K, 0% used [0x000000078dd80000,0x000000078dd80000,0x0000000790300000)
  to   space 40448K, 0% used [0x000000078b400000,0x000000078b400000,0x000000078db80000)
 ParOldGen       total 118784K, used 25836K [0x00000006c4e00000, 0x00000006cc200000, 0x000000076c500000)
  object space 118784K, 21% used [0x00000006c4e00000,0x00000006c673b2d0,0x00000006cc200000)
 Metaspace       used 20756K, capacity 21204K, committed 21296K, reserved 1069056K
  class space    used 2400K, capacity 2576K, committed 2608K, reserved 1048576K
}
Event: 10.934 GC heap before
{Heap before GC invocations=10 (full 1):
 PSYoungGen      total 545280K, used 502946K [0x000000076c500000, 0x0000000790300000, 0x00000007c0000000)
  eden space 506880K, 99% used [0x000000076c500000,0x000000078b0288f0,0x000000078b400000)
  from space 38400K, 0% used [0x000000078dd80000,0x000000078dd80000,0x0000000790300000)
  to   space 40448K, 0% used [0x000000078b400000,0x000000078b400000,0x000000078db80000)
 ParOldGen       total 118784K, used 25836K [0x00000006c4e00000, 0x00000006cc200000, 0x000000076c500000)
  object space 118784K, 21% used [0x00000006c4e00000,0x00000006c673b2d0,0x00000006cc200000)
 Metaspace       used 34800K, capacity 35380K, committed 35496K, reserved 1081344K
  class space    used 4097K, capacity 4272K, committed 4272K, reserved 1048576K
Event: 10.942 GC heap after
Heap after GC invocations=10 (full 1):
 PSYoungGen      total 547328K, used 15589K [0x000000076c500000, 0x000000079f300000, 0x00000007c0000000)
  eden space 506880K, 0% used [0x000000076c500000,0x000000076c500000,0x000000078b400000)
  from space 40448K, 38% used [0x000000078b400000,0x000000078c339750,0x000000078db80000)
  to   space 39936K, 0% used [0x000000079cc00000,0x000000079cc00000,0x000000079f300000)
 ParOldGen       total 118784K, used 25852K [0x00000006c4e00000, 0x00000006cc200000, 0x000000076c500000)
  object space 118784K, 21% used [0x00000006c4e00000,0x00000006c673f2d0,0x00000006cc200000)
 Metaspace       used 34800K, capacity 35380K, committed 35496K, reserved 1081344K
  class space    used 4097K, capacity 4272K, committed 4272K, reserved 1048576K
}
Event: 10.942 GC heap before
{Heap before GC invocations=11 (full 2):
 PSYoungGen      total 547328K, used 15589K [0x000000076c500000, 0x000000079f300000, 0x00000007c0000000)
  eden space 506880K, 0% used [0x000000076c500000,0x000000076c500000,0x000000078b400000)
  from space 40448K, 38% used [0x000000078b400000,0x000000078c339750,0x000000078db80000)
  to   space 39936K, 0% used [0x000000079cc00000,0x000000079cc00000,0x000000079f300000)
 ParOldGen       total 118784K, used 25852K [0x00000006c4e00000, 0x00000006cc200000, 0x000000076c500000)
  object space 118784K, 21% used [0x00000006c4e00000,0x00000006c673f2d0,0x00000006cc200000)
 Metaspace       used 34800K, capacity 35380K, committed 35496K, reserved 1081344K
  class space    used 4097K, capacity 4272K, committed 4272K, reserved 1048576K
Event: 10.972 GC heap after
Heap after GC invocations=11 (full 2):
 PSYoungGen      total 547328K, used 0K [0x000000076c500000, 0x000000079f300000, 0x00000007c0000000)
  eden space 506880K, 0% used [0x000000076c500000,0x000000076c500000,0x000000078b400000)
  from space 40448K, 0% used [0x000000078b400000,0x000000078b400000,0x000000078db80000)
  to   space 39936K, 0% used [0x000000079cc00000,0x000000079cc00000,0x000000079f300000)
 ParOldGen       total 140288K, used 24185K [0x00000006c4e00000, 0x00000006cd700000, 0x000000076c500000)
  object space 140288K, 17% used [0x00000006c4e00000,0x00000006c659e768,0x00000006cd700000)
 Metaspace       used 34800K, capacity 35380K, committed 35496K, reserved 1081344K
  class space    used 4097K, capacity 4272K, committed 4272K, reserved 1048576K
}

