# JRE version: Java(TM) SE Runtime Environment (8.0_411) (build 1.8.0_411-b09)
# Java VM: Java HotSpot(TM) 64-Bit Server VM (25.411-b09 mixed mode windows-amd64 compressed oops)
Heap:
 PSYoungGen      total 39424K, used 37472K [0x000000076c500000, 0x000000077f400000, 0x00000007c0000000)
  eden space 38912K, 95% used [0x000000076c500000,0x000000076e958168,0x000000076eb00000)
  from space 512K, 50% used [0x000000077f380000,0x000000077f3c0000,0x000000077f400000)
  to   space 512K, 0% used [0x000000077f300000,0x000000077f300000,0x000000077f380000)
 ParOldGen       total 143360K, used 22605K [0x00000006c4e00000, 0x00000006cda00000, 0x000000076c500000)
  object space 143360K, 15% used [0x00000006c4e00000,0x00000006c64134d0,0x00000006cda00000)
 Metaspace       used 39876K, capacity 40606K, committed 40880K, reserved 1087488K
  class space    used 4784K, capacity 5005K, committed 5040K, reserved 1048576K
GC Heap History (10 events):
Event: 1199.019 GC heap before
{Heap before GC invocations=224 (full 2):
 PSYoungGen      total 39424K, used 39168K [0x000000076c500000, 0x000000077f400000, 0x00000007c0000000)
  eden space 38912K, 100% used [0x000000076c500000,0x000000076eb00000,0x000000076eb00000)
  from space 512K, 50% used [0x000000077f300000,0x000000077f340000,0x000000077f380000)
  to   space 512K, 0% used [0x000000077f380000,0x000000077f380000,0x000000077f400000)
 ParOldGen       total 143360K, used 22597K [0x00000006c4e00000, 0x00000006cda00000, 0x000000076c500000)
  object space 143360K, 15% used [0x00000006c4e00000,0x00000006c64114d0,0x00000006cda00000)
 Metaspace       used 39753K, capacity 40524K, committed 40624K, reserved 1085440K
  class space    used 4772K, capacity 5001K, committed 5040K, reserved 1048576K
Event: 1199.021 GC heap after
Heap after GC invocations=224 (full 2):
 PSYoungGen      total 39424K, used 288K [0x000000076c500000, 0x000000077f400000, 0x00000007c0000000)
  eden space 38912K, 0% used [0x000000076c500000,0x000000076c500000,0x000000076eb00000)
  from space 512K, 56% used [0x000000077f380000,0x000000077f3c8000,0x000000077f400000)
  to   space 512K, 0% used [0x000000077f300000,0x000000077f300000,0x000000077f380000)
 ParOldGen       total 143360K, used 22597K [0x00000006c4e00000, 0x00000006cda00000, 0x000000076c500000)
  object space 143360K, 15% used [0x00000006c4e00000,0x00000006c64114d0,0x00000006cda00000)
 Metaspace       used 39753K, capacity 40524K, committed 40624K, reserved 1085440K
  class space    used 4772K, capacity 5001K, committed 5040K, reserved 1048576K
}
Event: 1199.619 GC heap before
{Heap before GC invocations=225 (full 2):
 PSYoungGen      total 39424K, used 39200K [0x000000076c500000, 0x000000077f400000, 0x00000007c0000000)
  eden space 38912K, 100% used [0x000000076c500000,0x000000076eb00000,0x000000076eb00000)
  from space 512K, 56% used [0x000000077f380000,0x000000077f3c8000,0x000000077f400000)
  to   space 512K, 0% used [0x000000077f300000,0x000000077f300000,0x000000077f380000)
 ParOldGen       total 143360K, used 22597K [0x00000006c4e00000, 0x00000006cda00000, 0x000000076c500000)
  object space 143360K, 15% used [0x00000006c4e00000,0x00000006c64114d0,0x00000006cda00000)
 Metaspace       used 39753K, capacity 40524K, committed 40624K, reserved 1085440K
  class space    used 4772K, capacity 5001K, committed 5040K, reserved 1048576K
Event: 1199.620 GC heap after
Heap after GC invocations=225 (full 2):
 PSYoungGen      total 39424K, used 256K [0x000000076c500000, 0x000000077f400000, 0x00000007c0000000)
  eden space 38912K, 0% used [0x000000076c500000,0x000000076c500000,0x000000076eb00000)
  from space 512K, 50% used [0x000000077f300000,0x000000077f340000,0x000000077f380000)
  to   space 512K, 0% used [0x000000077f380000,0x000000077f380000,0x000000077f400000)
 ParOldGen       total 143360K, used 22605K [0x00000006c4e00000, 0x00000006cda00000, 0x000000076c500000)
  object space 143360K, 15% used [0x00000006c4e00000,0x00000006c64134d0,0x00000006cda00000)
 Metaspace       used 39753K, capacity 40524K, committed 40624K, reserved 1085440K
  class space    used 4772K, capacity 5001K, committed 5040K, reserved 1048576K
}
Event: 1210.238 GC heap before
{Heap before GC invocations=226 (full 2):
 PSYoungGen      total 39424K, used 39168K [0x000000076c500000, 0x000000077f400000, 0x00000007c0000000)
  eden space 38912K, 100% used [0x000000076c500000,0x000000076eb00000,0x000000076eb00000)
  from space 512K, 50% used [0x000000077f300000,0x000000077f340000,0x000000077f380000)
  to   space 512K, 0% used [0x000000077f380000,0x000000077f380000,0x000000077f400000)
 ParOldGen       total 143360K, used 22605K [0x00000006c4e00000, 0x00000006cda00000, 0x000000076c500000)
  object space 143360K, 15% used [0x00000006c4e00000,0x00000006c64134d0,0x00000006cda00000)
 Metaspace       used 39753K, capacity 40524K, committed 40624K, reserved 1085440K
  class space    used 4772K, capacity 5001K, committed 5040K, reserved 1048576K
Event: 1210.239 GC heap after
Heap after GC invocations=226 (full 2):
 PSYoungGen      total 39424K, used 288K [0x000000076c500000, 0x000000077f400000, 0x00000007c0000000)
  eden space 38912K, 0% used [0x000000076c500000,0x000000076c500000,0x000000076eb00000)
  from space 512K, 56% used [0x000000077f380000,0x000000077f3c8000,0x000000077f400000)
  to   space 512K, 0% used [0x000000077f300000,0x000000077f300000,0x000000077f380000)
 ParOldGen       total 143360K, used 22605K [0x00000006c4e00000, 0x00000006cda00000, 0x000000076c500000)
  object space 143360K, 15% used [0x00000006c4e00000,0x00000006c64134d0,0x00000006cda00000)
 Metaspace       used 39753K, capacity 40524K, committed 40624K, reserved 1085440K
  class space    used 4772K, capacity 5001K, committed 5040K, reserved 1048576K
}
Event: 1210.846 GC heap before
{Heap before GC invocations=227 (full 2):
 PSYoungGen      total 39424K, used 39200K [0x000000076c500000, 0x000000077f400000, 0x00000007c0000000)
  eden space 38912K, 100% used [0x000000076c500000,0x000000076eb00000,0x000000076eb00000)
  from space 512K, 56% used [0x000000077f380000,0x000000077f3c8000,0x000000077f400000)
  to   space 512K, 0% used [0x000000077f300000,0x000000077f300000,0x000000077f380000)
 ParOldGen       total 143360K, used 22605K [0x00000006c4e00000, 0x00000006cda00000, 0x000000076c500000)
  object space 143360K, 15% used [0x00000006c4e00000,0x00000006c64134d0,0x00000006cda00000)
 Metaspace       used 39753K, capacity 40524K, committed 40624K, reserved 1085440K
  class space    used 4772K, capacity 5001K, committed 5040K, reserved 1048576K
Event: 1210.847 GC heap after
Heap after GC invocations=227 (full 2):
 PSYoungGen      total 39424K, used 288K [0x000000076c500000, 0x000000077f400000, 0x00000007c0000000)
  eden space 38912K, 0% used [0x000000076c500000,0x000000076c500000,0x000000076eb00000)
  from space 512K, 56% used [0x000000077f300000,0x000000077f348000,0x000000077f380000)
  to   space 512K, 0% used [0x000000077f380000,0x000000077f380000,0x000000077f400000)
 ParOldGen       total 143360K, used 22605K [0x00000006c4e00000, 0x00000006cda00000, 0x000000076c500000)
  object space 143360K, 15% used [0x00000006c4e00000,0x00000006c64134d0,0x00000006cda00000)
 Metaspace       used 39753K, capacity 40524K, committed 40624K, reserved 1085440K
  class space    used 4772K, capacity 5001K, committed 5040K, reserved 1048576K
}
Event: 1211.418 GC heap before
{Heap before GC invocations=228 (full 2):
 PSYoungGen      total 39424K, used 39200K [0x000000076c500000, 0x000000077f400000, 0x00000007c0000000)
  eden space 38912K, 100% used [0x000000076c500000,0x000000076eb00000,0x000000076eb00000)
  from space 512K, 56% used [0x000000077f300000,0x000000077f348000,0x000000077f380000)
  to   space 512K, 0% used [0x000000077f380000,0x000000077f380000,0x000000077f400000)
 ParOldGen       total 143360K, used 22605K [0x00000006c4e00000, 0x00000006cda00000, 0x000000076c500000)
  object space 143360K, 15% used [0x00000006c4e00000,0x00000006c64134d0,0x00000006cda00000)
 Metaspace       used 39753K, capacity 40524K, committed 40624K, reserved 1085440K
  class space    used 4772K, capacity 5001K, committed 5040K, reserved 1048576K
Event: 1211.419 GC heap after
Heap after GC invocations=228 (full 2):
 PSYoungGen      total 39424K, used 256K [0x000000076c500000, 0x000000077f400000, 0x00000007c0000000)
  eden space 38912K, 0% used [0x000000076c500000,0x000000076c500000,0x000000076eb00000)
  from space 512K, 50% used [0x000000077f380000,0x000000077f3c0000,0x000000077f400000)
  to   space 512K, 0% used [0x000000077f300000,0x000000077f300000,0x000000077f380000)
 ParOldGen       total 143360K, used 22605K [0x00000006c4e00000, 0x00000006cda00000, 0x000000076c500000)
  object space 143360K, 15% used [0x00000006c4e00000,0x00000006c64134d0,0x00000006cda00000)
 Metaspace       used 39753K, capacity 40524K, committed 40624K, reserved 1085440K
  class space    used 4772K, capacity 5001K, committed 5040K, reserved 1048576K
}

