# JRE version: Java(TM) SE Runtime Environment (8.0_411) (build 1.8.0_411-b09)
# Java VM: Java HotSpot(TM) 64-Bit Server VM (25.411-b09 mixed mode windows-amd64 compressed oops)
Heap:
 PSYoungGen      total 597504K, used 34111K [0x000000076c500000, 0x0000000797900000, 0x00000007c0000000)
  eden space 566784K, 2% used [0x000000076c500000,0x000000076d298fe8,0x000000078ee80000)
  from space 30720K, 65% used [0x0000000790c80000,0x0000000792036f78,0x0000000792a80000)
  to   space 30720K, 0% used [0x000000078ee80000,0x000000078ee80000,0x0000000790c80000)
 ParOldGen       total 154112K, used 20847K [0x00000006c4e00000, 0x00000006ce480000, 0x000000076c500000)
  object space 154112K, 13% used [0x00000006c4e00000,0x00000006c625be50,0x00000006ce480000)
 Metaspace       used 43563K, capacity 44596K, committed 44720K, reserved 1089536K
  class space    used 5256K, capacity 5482K, committed 5552K, reserved 1048576K
GC Heap History (10 events):
Event: 5.175 GC heap before
{Heap before GC invocations=8 (full 1):
 PSYoungGen      total 284672K, used 10332K [0x000000076c500000, 0x000000078f200000, 0x00000007c0000000)
  eden space 252928K, 0% used [0x000000076c500000,0x000000076c500000,0x000000077bc00000)
  from space 31744K, 32% used [0x000000077bc00000,0x000000077c6172a8,0x000000077db00000)
  to   space 32256K, 0% used [0x000000078d280000,0x000000078d280000,0x000000078f200000)
 ParOldGen       total 172032K, used 41369K [0x00000006c4e00000, 0x00000006cf600000, 0x000000076c500000)
  object space 172032K, 24% used [0x00000006c4e00000,0x00000006c76667c8,0x00000006cf600000)
 Metaspace       used 20750K, capacity 21204K, committed 21296K, reserved 1069056K
  class space    used 2400K, capacity 2576K, committed 2608K, reserved 1048576K
Event: 5.205 GC heap after
Heap after GC invocations=8 (full 1):
 PSYoungGen      total 284672K, used 0K [0x000000076c500000, 0x000000078f200000, 0x00000007c0000000)
  eden space 252928K, 0% used [0x000000076c500000,0x000000076c500000,0x000000077bc00000)
  from space 31744K, 0% used [0x000000077bc00000,0x000000077bc00000,0x000000077db00000)
  to   space 32256K, 0% used [0x000000078d280000,0x000000078d280000,0x000000078f200000)
 ParOldGen       total 115712K, used 16620K [0x00000006c4e00000, 0x00000006cbf00000, 0x000000076c500000)
  object space 115712K, 14% used [0x00000006c4e00000,0x00000006c5e3b3e8,0x00000006cbf00000)
 Metaspace       used 20750K, capacity 21204K, committed 21296K, reserved 1069056K
  class space    used 2400K, capacity 2576K, committed 2608K, reserved 1048576K
}
Event: 7.273 GC heap before
{Heap before GC invocations=9 (full 1):
 PSYoungGen      total 284672K, used 252928K [0x000000076c500000, 0x000000078f200000, 0x00000007c0000000)
  eden space 252928K, 100% used [0x000000076c500000,0x000000077bc00000,0x000000077bc00000)
  from space 31744K, 0% used [0x000000077bc00000,0x000000077bc00000,0x000000077db00000)
  to   space 32256K, 0% used [0x000000078d280000,0x000000078d280000,0x000000078f200000)
 ParOldGen       total 115712K, used 16620K [0x00000006c4e00000, 0x00000006cbf00000, 0x000000076c500000)
  object space 115712K, 14% used [0x00000006c4e00000,0x00000006c5e3b3e8,0x00000006cbf00000)
 Metaspace       used 29255K, capacity 29784K, committed 30128K, reserved 1075200K
  class space    used 3498K, capacity 3670K, committed 3760K, reserved 1048576K
Event: 7.280 GC heap after
Heap after GC invocations=9 (full 1):
 PSYoungGen      total 428544K, used 12333K [0x000000076c500000, 0x000000078df00000, 0x00000007c0000000)
  eden space 415744K, 0% used [0x000000076c500000,0x000000076c500000,0x0000000785b00000)
  from space 12800K, 96% used [0x000000078d280000,0x000000078de8b6a0,0x000000078df00000)
  to   space 31232K, 0% used [0x000000078a200000,0x000000078a200000,0x000000078c080000)
 ParOldGen       total 115712K, used 16628K [0x00000006c4e00000, 0x00000006cbf00000, 0x000000076c500000)
  object space 115712K, 14% used [0x00000006c4e00000,0x00000006c5e3d3e8,0x00000006cbf00000)
 Metaspace       used 29255K, capacity 29784K, committed 30128K, reserved 1075200K
  class space    used 3498K, capacity 3670K, committed 3760K, reserved 1048576K
}
Event: 8.696 GC heap before
{Heap before GC invocations=10 (full 1):
 PSYoungGen      total 428544K, used 235921K [0x000000076c500000, 0x000000078df00000, 0x00000007c0000000)
  eden space 415744K, 53% used [0x000000076c500000,0x0000000779f58e08,0x0000000785b00000)
  from space 12800K, 96% used [0x000000078d280000,0x000000078de8b6a0,0x000000078df00000)
  to   space 31232K, 0% used [0x000000078a200000,0x000000078a200000,0x000000078c080000)
 ParOldGen       total 115712K, used 16628K [0x00000006c4e00000, 0x00000006cbf00000, 0x000000076c500000)
  object space 115712K, 14% used [0x00000006c4e00000,0x00000006c5e3d3e8,0x00000006cbf00000)
 Metaspace       used 34685K, capacity 35276K, committed 35496K, reserved 1081344K
  class space    used 4155K, capacity 4362K, committed 4400K, reserved 1048576K
Event: 8.702 GC heap after
Heap after GC invocations=10 (full 1):
 PSYoungGen      total 519680K, used 11891K [0x000000076c500000, 0x0000000792a80000, 0x00000007c0000000)
  eden space 488448K, 0% used [0x000000076c500000,0x000000076c500000,0x000000078a200000)
  from space 31232K, 38% used [0x000000078a200000,0x000000078ad9cc08,0x000000078c080000)
  to   space 30720K, 0% used [0x0000000790c80000,0x0000000790c80000,0x0000000792a80000)
 ParOldGen       total 115712K, used 16636K [0x00000006c4e00000, 0x00000006cbf00000, 0x000000076c500000)
  object space 115712K, 14% used [0x00000006c4e00000,0x00000006c5e3f3e8,0x00000006cbf00000)
 Metaspace       used 34685K, capacity 35276K, committed 35496K, reserved 1081344K
  class space    used 4155K, capacity 4362K, committed 4400K, reserved 1048576K
}
Event: 8.702 GC heap before
{Heap before GC invocations=11 (full 2):
 PSYoungGen      total 519680K, used 11891K [0x000000076c500000, 0x0000000792a80000, 0x00000007c0000000)
  eden space 488448K, 0% used [0x000000076c500000,0x000000076c500000,0x000000078a200000)
  from space 31232K, 38% used [0x000000078a200000,0x000000078ad9cc08,0x000000078c080000)
  to   space 30720K, 0% used [0x0000000790c80000,0x0000000790c80000,0x0000000792a80000)
 ParOldGen       total 115712K, used 16636K [0x00000006c4e00000, 0x00000006cbf00000, 0x000000076c500000)
  object space 115712K, 14% used [0x00000006c4e00000,0x00000006c5e3f3e8,0x00000006cbf00000)
 Metaspace       used 34685K, capacity 35276K, committed 35496K, reserved 1081344K
  class space    used 4155K, capacity 4362K, committed 4400K, reserved 1048576K
Event: 8.722 GC heap after
Heap after GC invocations=11 (full 2):
 PSYoungGen      total 519680K, used 0K [0x000000076c500000, 0x0000000792a80000, 0x00000007c0000000)
  eden space 488448K, 0% used [0x000000076c500000,0x000000076c500000,0x000000078a200000)
  from space 31232K, 0% used [0x000000078a200000,0x000000078a200000,0x000000078c080000)
  to   space 30720K, 0% used [0x0000000790c80000,0x0000000790c80000,0x0000000792a80000)
 ParOldGen       total 154112K, used 20839K [0x00000006c4e00000, 0x00000006ce480000, 0x000000076c500000)
  object space 154112K, 13% used [0x00000006c4e00000,0x00000006c6259e50,0x00000006ce480000)
 Metaspace       used 34685K, capacity 35276K, committed 35496K, reserved 1081344K
  class space    used 4155K, capacity 4362K, committed 4400K, reserved 1048576K
}
Event: 28.673 GC heap before
{Heap before GC invocations=12 (full 2):
 PSYoungGen      total 519680K, used 488448K [0x000000076c500000, 0x0000000792a80000, 0x00000007c0000000)
  eden space 488448K, 100% used [0x000000076c500000,0x000000078a200000,0x000000078a200000)
  from space 31232K, 0% used [0x000000078a200000,0x000000078a200000,0x000000078c080000)
  to   space 30720K, 0% used [0x0000000790c80000,0x0000000790c80000,0x0000000792a80000)
 ParOldGen       total 154112K, used 20839K [0x00000006c4e00000, 0x00000006ce480000, 0x000000076c500000)
  object space 154112K, 13% used [0x00000006c4e00000,0x00000006c6259e50,0x00000006ce480000)
 Metaspace       used 43563K, capacity 44596K, committed 44720K, reserved 1089536K
  class space    used 5256K, capacity 5482K, committed 5552K, reserved 1048576K
Event: 28.684 GC heap after
Heap after GC invocations=12 (full 2):
 PSYoungGen      total 597504K, used 20187K [0x000000076c500000, 0x0000000797900000, 0x00000007c0000000)
  eden space 566784K, 0% used [0x000000076c500000,0x000000076c500000,0x000000078ee80000)
  from space 30720K, 65% used [0x0000000790c80000,0x0000000792036f78,0x0000000792a80000)
  to   space 30720K, 0% used [0x000000078ee80000,0x000000078ee80000,0x0000000790c80000)
 ParOldGen       total 154112K, used 20847K [0x00000006c4e00000, 0x00000006ce480000, 0x000000076c500000)
  object space 154112K, 13% used [0x00000006c4e00000,0x00000006c625be50,0x00000006ce480000)
 Metaspace       used 43563K, capacity 44596K, committed 44720K, reserved 1089536K
  class space    used 5256K, capacity 5482K, committed 5552K, reserved 1048576K
}

