# JRE version: Java(TM) SE Runtime Environment (8.0_411) (build 1.8.0_411-b09)
# Java VM: Java HotSpot(TM) 64-Bit Server VM (25.411-b09 mixed mode windows-amd64 compressed oops)
Heap:
 PSYoungGen      total 519680K, used 76827K [0x000000076c500000, 0x0000000796380000, 0x00000007c0000000)
  eden space 488960K, 15% used [0x000000076c500000,0x0000000771006c90,0x000000078a280000)
  from space 30720K, 0% used [0x000000078a280000,0x000000078a280000,0x000000078c080000)
  to   space 30208K, 0% used [0x0000000794600000,0x0000000794600000,0x0000000796380000)
 ParOldGen       total 142336K, used 20943K [0x00000006c4e00000, 0x00000006cd900000, 0x000000076c500000)
  object space 142336K, 14% used [0x00000006c4e00000,0x00000006c6273cc0,0x00000006cd900000)
 Metaspace       used 36549K, capacity 37084K, committed 37288K, reserved 1081344K
  class space    used 4420K, capacity 4596K, committed 4656K, reserved 1048576K
GC Heap History (10 events):
Event: 5.981 GC heap before
{Heap before GC invocations=7 (full 0):
 PSYoungGen      total 279552K, used 169113K [0x000000076c500000, 0x000000077fd00000, 0x00000007c0000000)
  eden space 253440K, 56% used [0x000000076c500000,0x00000007750adeb8,0x000000077bc80000)
  from space 26112K, 99% used [0x000000077da80000,0x000000077f3f8900,0x000000077f400000)
  to   space 30720K, 0% used [0x000000077bc80000,0x000000077bc80000,0x000000077da80000)
 ParOldGen       total 172032K, used 34932K [0x00000006c4e00000, 0x00000006cf600000, 0x000000076c500000)
  object space 172032K, 20% used [0x00000006c4e00000,0x00000006c701d360,0x00000006cf600000)
 Metaspace       used 20752K, capacity 21204K, committed 21296K, reserved 1069056K
  class space    used 2400K, capacity 2576K, committed 2608K, reserved 1048576K
Event: 5.990 GC heap after
Heap after GC invocations=7 (full 0):
 PSYoungGen      total 284160K, used 11286K [0x000000076c500000, 0x000000078f000000, 0x00000007c0000000)
  eden space 253440K, 0% used [0x000000076c500000,0x000000076c500000,0x000000077bc80000)
  from space 30720K, 36% used [0x000000077bc80000,0x000000077c785a50,0x000000077da80000)
  to   space 30720K, 0% used [0x000000078d200000,0x000000078d200000,0x000000078f000000)
 ParOldGen       total 172032K, used 41952K [0x00000006c4e00000, 0x00000006cf600000, 0x000000076c500000)
  object space 172032K, 24% used [0x00000006c4e00000,0x00000006c76f83b0,0x00000006cf600000)
 Metaspace       used 20752K, capacity 21204K, committed 21296K, reserved 1069056K
  class space    used 2400K, capacity 2576K, committed 2608K, reserved 1048576K
}
Event: 5.990 GC heap before
{Heap before GC invocations=8 (full 1):
 PSYoungGen      total 284160K, used 11286K [0x000000076c500000, 0x000000078f000000, 0x00000007c0000000)
  eden space 253440K, 0% used [0x000000076c500000,0x000000076c500000,0x000000077bc80000)
  from space 30720K, 36% used [0x000000077bc80000,0x000000077c785a50,0x000000077da80000)
  to   space 30720K, 0% used [0x000000078d200000,0x000000078d200000,0x000000078f000000)
 ParOldGen       total 172032K, used 41952K [0x00000006c4e00000, 0x00000006cf600000, 0x000000076c500000)
  object space 172032K, 24% used [0x00000006c4e00000,0x00000006c76f83b0,0x00000006cf600000)
 Metaspace       used 20752K, capacity 21204K, committed 21296K, reserved 1069056K
  class space    used 2400K, capacity 2576K, committed 2608K, reserved 1048576K
Event: 6.015 GC heap after
Heap after GC invocations=8 (full 1):
 PSYoungGen      total 284160K, used 0K [0x000000076c500000, 0x000000078f000000, 0x00000007c0000000)
  eden space 253440K, 0% used [0x000000076c500000,0x000000076c500000,0x000000077bc80000)
  from space 30720K, 0% used [0x000000077bc80000,0x000000077bc80000,0x000000077da80000)
  to   space 30720K, 0% used [0x000000078d200000,0x000000078d200000,0x000000078f000000)
 ParOldGen       total 111104K, used 17568K [0x00000006c4e00000, 0x00000006cba80000, 0x000000076c500000)
  object space 111104K, 15% used [0x00000006c4e00000,0x00000006c5f28260,0x00000006cba80000)
 Metaspace       used 20752K, capacity 21204K, committed 21296K, reserved 1069056K
  class space    used 2400K, capacity 2576K, committed 2608K, reserved 1048576K
}
Event: 8.115 GC heap before
{Heap before GC invocations=9 (full 1):
 PSYoungGen      total 284160K, used 253440K [0x000000076c500000, 0x000000078f000000, 0x00000007c0000000)
  eden space 253440K, 100% used [0x000000076c500000,0x000000077bc80000,0x000000077bc80000)
  from space 30720K, 0% used [0x000000077bc80000,0x000000077bc80000,0x000000077da80000)
  to   space 30720K, 0% used [0x000000078d200000,0x000000078d200000,0x000000078f000000)
 ParOldGen       total 111104K, used 17568K [0x00000006c4e00000, 0x00000006cba80000, 0x000000076c500000)
  object space 111104K, 15% used [0x00000006c4e00000,0x00000006c5f28260,0x00000006cba80000)
 Metaspace       used 29277K, capacity 29886K, committed 30128K, reserved 1075200K
  class space    used 3499K, capacity 3703K, committed 3760K, reserved 1048576K
Event: 8.122 GC heap after
Heap after GC invocations=9 (full 1):
 PSYoungGen      total 453120K, used 12452K [0x000000076c500000, 0x000000078de80000, 0x00000007c0000000)
  eden space 440320K, 0% used [0x000000076c500000,0x000000076c500000,0x0000000787300000)
  from space 12800K, 97% used [0x000000078d200000,0x000000078de29318,0x000000078de80000)
  to   space 30720K, 0% used [0x000000078a280000,0x000000078a280000,0x000000078c080000)
 ParOldGen       total 111104K, used 17576K [0x00000006c4e00000, 0x00000006cba80000, 0x000000076c500000)
  object space 111104K, 15% used [0x00000006c4e00000,0x00000006c5f2a260,0x00000006cba80000)
 Metaspace       used 29277K, capacity 29886K, committed 30128K, reserved 1075200K
  class space    used 3499K, capacity 3703K, committed 3760K, reserved 1048576K
}
Event: 9.576 GC heap before
{Heap before GC invocations=10 (full 1):
 PSYoungGen      total 453120K, used 232533K [0x000000076c500000, 0x000000078de80000, 0x00000007c0000000)
  eden space 440320K, 49% used [0x000000076c500000,0x0000000779bec290,0x0000000787300000)
  from space 12800K, 97% used [0x000000078d200000,0x000000078de29318,0x000000078de80000)
  to   space 30720K, 0% used [0x000000078a280000,0x000000078a280000,0x000000078c080000)
 ParOldGen       total 111104K, used 17576K [0x00000006c4e00000, 0x00000006cba80000, 0x000000076c500000)
  object space 111104K, 15% used [0x00000006c4e00000,0x00000006c5f2a260,0x00000006cba80000)
 Metaspace       used 34696K, capacity 35276K, committed 35496K, reserved 1081344K
  class space    used 4158K, capacity 4362K, committed 4400K, reserved 1048576K
Event: 9.583 GC heap after
Heap after GC invocations=10 (full 1):
 PSYoungGen      total 519680K, used 12013K [0x000000076c500000, 0x0000000796380000, 0x00000007c0000000)
  eden space 488960K, 0% used [0x000000076c500000,0x000000076c500000,0x000000078a280000)
  from space 30720K, 39% used [0x000000078a280000,0x000000078ae3b648,0x000000078c080000)
  to   space 30208K, 0% used [0x0000000794600000,0x0000000794600000,0x0000000796380000)
 ParOldGen       total 111104K, used 17584K [0x00000006c4e00000, 0x00000006cba80000, 0x000000076c500000)
  object space 111104K, 15% used [0x00000006c4e00000,0x00000006c5f2c260,0x00000006cba80000)
 Metaspace       used 34696K, capacity 35276K, committed 35496K, reserved 1081344K
  class space    used 4158K, capacity 4362K, committed 4400K, reserved 1048576K
}
Event: 9.583 GC heap before
{Heap before GC invocations=11 (full 2):
 PSYoungGen      total 519680K, used 12013K [0x000000076c500000, 0x0000000796380000, 0x00000007c0000000)
  eden space 488960K, 0% used [0x000000076c500000,0x000000076c500000,0x000000078a280000)
  from space 30720K, 39% used [0x000000078a280000,0x000000078ae3b648,0x000000078c080000)
  to   space 30208K, 0% used [0x0000000794600000,0x0000000794600000,0x0000000796380000)
 ParOldGen       total 111104K, used 17584K [0x00000006c4e00000, 0x00000006cba80000, 0x000000076c500000)
  object space 111104K, 15% used [0x00000006c4e00000,0x00000006c5f2c260,0x00000006cba80000)
 Metaspace       used 34696K, capacity 35276K, committed 35496K, reserved 1081344K
  class space    used 4158K, capacity 4362K, committed 4400K, reserved 1048576K
Event: 10.007 GC heap after
Heap after GC invocations=11 (full 2):
 PSYoungGen      total 519680K, used 0K [0x000000076c500000, 0x0000000796380000, 0x00000007c0000000)
  eden space 488960K, 0% used [0x000000076c500000,0x000000076c500000,0x000000078a280000)
  from space 30720K, 0% used [0x000000078a280000,0x000000078a280000,0x000000078c080000)
  to   space 30208K, 0% used [0x0000000794600000,0x0000000794600000,0x0000000796380000)
 ParOldGen       total 142336K, used 20943K [0x00000006c4e00000, 0x00000006cd900000, 0x000000076c500000)
  object space 142336K, 14% used [0x00000006c4e00000,0x00000006c6273cc0,0x00000006cd900000)
 Metaspace       used 34696K, capacity 35276K, committed 35496K, reserved 1081344K
  class space    used 4158K, capacity 4362K, committed 4400K, reserved 1048576K
}

