# JRE version: Java(TM) SE Runtime Environment (8.0_411) (build 1.8.0_411-b09)
# Java VM: Java HotSpot(TM) 64-Bit Server VM (25.411-b09 mixed mode windows-amd64 compressed oops)
Heap:
 PSYoungGen      total 82944K, used 20621K [0x000000076c500000, 0x0000000772b00000, 0x00000007c0000000)
  eden space 66048K, 9% used [0x000000076c500000,0x000000076cb6d118,0x0000000770580000)
  from space 16896K, 83% used [0x0000000771800000,0x00000007725b62f0,0x0000000772880000)
  to   space 18944K, 0% used [0x0000000770580000,0x0000000770580000,0x0000000771800000)
 ParOldGen       total 111616K, used 30329K [0x00000006c4e00000, 0x00000006cbb00000, 0x000000076c500000)
  object space 111616K, 27% used [0x00000006c4e00000,0x00000006c6b9e6e8,0x00000006cbb00000)
 Metaspace       used 43536K, capacity 44482K, committed 44720K, reserved 1089536K
  class space    used 5252K, capacity 5482K, committed 5552K, reserved 1048576K
GC Heap History (10 events):
Event: 71.631 GC heap after
Heap after GC invocations=29 (full 2):
 PSYoungGen      total 78336K, used 3770K [0x000000076c500000, 0x0000000773180000, 0x00000007c0000000)
  eden space 74240K, 0% used [0x000000076c500000,0x000000076c500000,0x0000000770d80000)
  from space 4096K, 92% used [0x0000000770f00000,0x00000007712ae870,0x0000000771300000)
  to   space 18432K, 0% used [0x0000000771f80000,0x0000000771f80000,0x0000000773180000)
 ParOldGen       total 111616K, used 27355K [0x00000006c4e00000, 0x00000006cbb00000, 0x000000076c500000)
  object space 111616K, 24% used [0x00000006c4e00000,0x00000006c68b6d60,0x00000006cbb00000)
 Metaspace       used 43298K, capacity 44266K, committed 44464K, reserved 1087488K
  class space    used 5227K, capacity 5440K, committed 5552K, reserved 1048576K
}
Event: 72.359 GC heap before
{Heap before GC invocations=30 (full 2):
 PSYoungGen      total 78336K, used 78010K [0x000000076c500000, 0x0000000773180000, 0x00000007c0000000)
  eden space 74240K, 100% used [0x000000076c500000,0x0000000770d80000,0x0000000770d80000)
  from space 4096K, 92% used [0x0000000770f00000,0x00000007712ae870,0x0000000771300000)
  to   space 18432K, 0% used [0x0000000771f80000,0x0000000771f80000,0x0000000773180000)
 ParOldGen       total 111616K, used 27355K [0x00000006c4e00000, 0x00000006cbb00000, 0x000000076c500000)
  object space 111616K, 24% used [0x00000006c4e00000,0x00000006c68b6d60,0x00000006cbb00000)
 Metaspace       used 43298K, capacity 44266K, committed 44464K, reserved 1087488K
  class space    used 5227K, capacity 5440K, committed 5552K, reserved 1048576K
Event: 72.363 GC heap after
Heap after GC invocations=30 (full 2):
 PSYoungGen      total 87552K, used 3633K [0x000000076c500000, 0x0000000772e00000, 0x00000007c0000000)
  eden space 72704K, 0% used [0x000000076c500000,0x000000076c500000,0x0000000770c00000)
  from space 14848K, 24% used [0x0000000771f80000,0x000000077230c6e8,0x0000000772e00000)
  to   space 17408K, 0% used [0x0000000770c00000,0x0000000770c00000,0x0000000771d00000)
 ParOldGen       total 111616K, used 27355K [0x00000006c4e00000, 0x00000006cbb00000, 0x000000076c500000)
  object space 111616K, 24% used [0x00000006c4e00000,0x00000006c68b6d60,0x00000006cbb00000)
 Metaspace       used 43298K, capacity 44266K, committed 44464K, reserved 1087488K
  class space    used 5227K, capacity 5440K, committed 5552K, reserved 1048576K
}
Event: 73.375 GC heap before
{Heap before GC invocations=31 (full 2):
 PSYoungGen      total 87552K, used 76337K [0x000000076c500000, 0x0000000772e00000, 0x00000007c0000000)
  eden space 72704K, 100% used [0x000000076c500000,0x0000000770c00000,0x0000000770c00000)
  from space 14848K, 24% used [0x0000000771f80000,0x000000077230c6e8,0x0000000772e00000)
  to   space 17408K, 0% used [0x0000000770c00000,0x0000000770c00000,0x0000000771d00000)
 ParOldGen       total 111616K, used 27355K [0x00000006c4e00000, 0x00000006cbb00000, 0x000000076c500000)
  object space 111616K, 24% used [0x00000006c4e00000,0x00000006c68b6d60,0x00000006cbb00000)
 Metaspace       used 43300K, capacity 44266K, committed 44464K, reserved 1087488K
  class space    used 5227K, capacity 5440K, committed 5552K, reserved 1048576K
Event: 73.377 GC heap after
Heap after GC invocations=31 (full 2):
 PSYoungGen      total 75264K, used 3738K [0x000000076c500000, 0x0000000772b80000, 0x00000007c0000000)
  eden space 71168K, 0% used [0x000000076c500000,0x000000076c500000,0x0000000770a80000)
  from space 4096K, 91% used [0x0000000770c00000,0x0000000770fa6870,0x0000000771000000)
  to   space 16896K, 0% used [0x0000000771b00000,0x0000000771b00000,0x0000000772b80000)
 ParOldGen       total 111616K, used 27355K [0x00000006c4e00000, 0x00000006cbb00000, 0x000000076c500000)
  object space 111616K, 24% used [0x00000006c4e00000,0x00000006c68b6d60,0x00000006cbb00000)
 Metaspace       used 43300K, capacity 44266K, committed 44464K, reserved 1087488K
  class space    used 5227K, capacity 5440K, committed 5552K, reserved 1048576K
}
Event: 74.507 GC heap before
{Heap before GC invocations=32 (full 2):
 PSYoungGen      total 75264K, used 74906K [0x000000076c500000, 0x0000000772b80000, 0x00000007c0000000)
  eden space 71168K, 100% used [0x000000076c500000,0x0000000770a80000,0x0000000770a80000)
  from space 4096K, 91% used [0x0000000770c00000,0x0000000770fa6870,0x0000000771000000)
  to   space 16896K, 0% used [0x0000000771b00000,0x0000000771b00000,0x0000000772b80000)
 ParOldGen       total 111616K, used 27355K [0x00000006c4e00000, 0x00000006cbb00000, 0x000000076c500000)
  object space 111616K, 24% used [0x00000006c4e00000,0x00000006c68b6d60,0x00000006cbb00000)
 Metaspace       used 43536K, capacity 44482K, committed 44720K, reserved 1089536K
  class space    used 5252K, capacity 5482K, committed 5552K, reserved 1048576K
Event: 74.513 GC heap after
Heap after GC invocations=32 (full 2):
 PSYoungGen      total 83968K, used 7724K [0x000000076c500000, 0x0000000772900000, 0x00000007c0000000)
  eden space 69632K, 0% used [0x000000076c500000,0x000000076c500000,0x0000000770900000)
  from space 14336K, 53% used [0x0000000771b00000,0x000000077228b2e8,0x0000000772900000)
  to   space 16384K, 0% used [0x0000000770900000,0x0000000770900000,0x0000000771900000)
 ParOldGen       total 111616K, used 30321K [0x00000006c4e00000, 0x00000006cbb00000, 0x000000076c500000)
  object space 111616K, 27% used [0x00000006c4e00000,0x00000006c6b9c6e8,0x00000006cbb00000)
 Metaspace       used 43536K, capacity 44482K, committed 44720K, reserved 1089536K
  class space    used 5252K, capacity 5482K, committed 5552K, reserved 1048576K
}
Event: 75.232 GC heap before
{Heap before GC invocations=33 (full 2):
 PSYoungGen      total 83968K, used 77356K [0x000000076c500000, 0x0000000772900000, 0x00000007c0000000)
  eden space 69632K, 100% used [0x000000076c500000,0x0000000770900000,0x0000000770900000)
  from space 14336K, 53% used [0x0000000771b00000,0x000000077228b2e8,0x0000000772900000)
  to   space 16384K, 0% used [0x0000000770900000,0x0000000770900000,0x0000000771900000)
 ParOldGen       total 111616K, used 30321K [0x00000006c4e00000, 0x00000006cbb00000, 0x000000076c500000)
  object space 111616K, 27% used [0x00000006c4e00000,0x00000006c6b9c6e8,0x00000006cbb00000)
 Metaspace       used 43536K, capacity 44482K, committed 44720K, reserved 1089536K
  class space    used 5252K, capacity 5482K, committed 5552K, reserved 1048576K
Event: 75.235 GC heap after
Heap after GC invocations=33 (full 2):
 PSYoungGen      total 78336K, used 10072K [0x000000076c500000, 0x0000000772880000, 0x00000007c0000000)
  eden space 68096K, 0% used [0x000000076c500000,0x000000076c500000,0x0000000770780000)
  from space 10240K, 98% used [0x0000000770900000,0x00000007712d6058,0x0000000771300000)
  to   space 16896K, 0% used [0x0000000771800000,0x0000000771800000,0x0000000772880000)
 ParOldGen       total 111616K, used 30329K [0x00000006c4e00000, 0x00000006cbb00000, 0x000000076c500000)
  object space 111616K, 27% used [0x00000006c4e00000,0x00000006c6b9e6e8,0x00000006cbb00000)
 Metaspace       used 43536K, capacity 44482K, committed 44720K, reserved 1089536K
  class space    used 5252K, capacity 5482K, committed 5552K, reserved 1048576K
}
Event: 75.784 GC heap before
{Heap before GC invocations=34 (full 2):
 PSYoungGen      total 78336K, used 78168K [0x000000076c500000, 0x0000000772880000, 0x00000007c0000000)
  eden space 68096K, 100% used [0x000000076c500000,0x0000000770780000,0x0000000770780000)
  from space 10240K, 98% used [0x0000000770900000,0x00000007712d6058,0x0000000771300000)
  to   space 16896K, 0% used [0x0000000771800000,0x0000000771800000,0x0000000772880000)
 ParOldGen       total 111616K, used 30329K [0x00000006c4e00000, 0x00000006cbb00000, 0x000000076c500000)
  object space 111616K, 27% used [0x00000006c4e00000,0x00000006c6b9e6e8,0x00000006cbb00000)
 Metaspace       used 43536K, capacity 44482K, committed 44720K, reserved 1089536K
  class space    used 5252K, capacity 5482K, committed 5552K, reserved 1048576K

