# JRE version: Java(TM) SE Runtime Environment (8.0_411) (build 1.8.0_411-b09)
# Java VM: Java HotSpot(TM) 64-Bit Server VM (25.411-b09 mixed mode windows-amd64 compressed oops)
Heap:
 PSYoungGen      total 545280K, used 329788K [0x000000076c500000, 0x0000000790300000, 0x00000007c0000000)
  eden space 506880K, 65% used [0x000000076c500000,0x000000078070f250,0x000000078b400000)
  from space 38400K, 0% used [0x000000078dd80000,0x000000078dd80000,0x0000000790300000)
  to   space 40448K, 0% used [0x000000078b400000,0x000000078b400000,0x000000078db80000)
 ParOldGen       total 117760K, used 25816K [0x00000006c4e00000, 0x00000006cc100000, 0x000000076c500000)
  object space 117760K, 21% used [0x00000006c4e00000,0x00000006c67361f0,0x00000006cc100000)
 Metaspace       used 33265K, capacity 33798K, committed 34096K, reserved 1079296K
  class space    used 3945K, capacity 4115K, committed 4144K, reserved 1048576K
GC Heap History (10 events):
Event: 4.608 GC heap before
{Heap before GC invocations=5 (full 0):
 PSYoungGen      total 139776K, used 139765K [0x000000076c500000, 0x0000000775800000, 0x00000007c0000000)
  eden space 129024K, 100% used [0x000000076c500000,0x0000000774300000,0x0000000774300000)
  from space 10752K, 99% used [0x0000000774d80000,0x00000007757fd728,0x0000000775800000)
  to   space 10752K, 0% used [0x0000000774300000,0x0000000774300000,0x0000000774d80000)
 ParOldGen       total 172032K, used 22043K [0x00000006c4e00000, 0x00000006cf600000, 0x000000076c500000)
  object space 172032K, 12% used [0x00000006c4e00000,0x00000006c6386c10,0x00000006cf600000)
 Metaspace       used 15902K, capacity 16250K, committed 16512K, reserved 1064960K
  class space    used 1758K, capacity 1907K, committed 1920K, reserved 1048576K
Event: 4.620 GC heap after
Heap after GC invocations=5 (full 0):
 PSYoungGen      total 139776K, used 10750K [0x000000076c500000, 0x000000077f500000, 0x00000007c0000000)
  eden space 129024K, 0% used [0x000000076c500000,0x000000076c500000,0x0000000774300000)
  from space 10752K, 99% used [0x0000000774300000,0x0000000774d7faf8,0x0000000774d80000)
  to   space 26624K, 0% used [0x000000077db00000,0x000000077db00000,0x000000077f500000)
 ParOldGen       total 172032K, used 33967K [0x00000006c4e00000, 0x00000006cf600000, 0x000000076c500000)
  object space 172032K, 19% used [0x00000006c4e00000,0x00000006c6f2bf78,0x00000006cf600000)
 Metaspace       used 15902K, capacity 16250K, committed 16512K, reserved 1064960K
  class space    used 1758K, capacity 1907K, committed 1920K, reserved 1048576K
}
Event: 5.189 GC heap before
{Heap before GC invocations=6 (full 0):
 PSYoungGen      total 139776K, used 139774K [0x000000076c500000, 0x000000077f500000, 0x00000007c0000000)
  eden space 129024K, 100% used [0x000000076c500000,0x0000000774300000,0x0000000774300000)
  from space 10752K, 99% used [0x0000000774300000,0x0000000774d7faf8,0x0000000774d80000)
  to   space 26624K, 0% used [0x000000077db00000,0x000000077db00000,0x000000077f500000)
 ParOldGen       total 172032K, used 33967K [0x00000006c4e00000, 0x00000006cf600000, 0x000000076c500000)
  object space 172032K, 19% used [0x00000006c4e00000,0x00000006c6f2bf78,0x00000006cf600000)
 Metaspace       used 15904K, capacity 16314K, committed 16512K, reserved 1064960K
  class space    used 1758K, capacity 1907K, committed 1920K, reserved 1048576K
Event: 5.200 GC heap after
Heap after GC invocations=6 (full 0):
 PSYoungGen      total 280064K, used 26597K [0x000000076c500000, 0x000000077fe00000, 0x00000007c0000000)
  eden space 253440K, 0% used [0x000000076c500000,0x000000076c500000,0x000000077bc80000)
  from space 26624K, 99% used [0x000000077db00000,0x000000077f4f9490,0x000000077f500000)
  to   space 31232K, 0% used [0x000000077bc80000,0x000000077bc80000,0x000000077db00000)
 ParOldGen       total 172032K, used 35249K [0x00000006c4e00000, 0x00000006cf600000, 0x000000076c500000)
  object space 172032K, 20% used [0x00000006c4e00000,0x00000006c706c550,0x00000006cf600000)
 Metaspace       used 15904K, capacity 16314K, committed 16512K, reserved 1064960K
  class space    used 1758K, capacity 1907K, committed 1920K, reserved 1048576K
}
Event: 6.332 GC heap before
{Heap before GC invocations=7 (full 0):
 PSYoungGen      total 280064K, used 280037K [0x000000076c500000, 0x000000077fe00000, 0x00000007c0000000)
  eden space 253440K, 100% used [0x000000076c500000,0x000000077bc80000,0x000000077bc80000)
  from space 26624K, 99% used [0x000000077db00000,0x000000077f4f9490,0x000000077f500000)
  to   space 31232K, 0% used [0x000000077bc80000,0x000000077bc80000,0x000000077db00000)
 ParOldGen       total 172032K, used 35249K [0x00000006c4e00000, 0x00000006cf600000, 0x000000076c500000)
  object space 172032K, 20% used [0x00000006c4e00000,0x00000006c706c550,0x00000006cf600000)
 Metaspace       used 15915K, capacity 16314K, committed 16512K, reserved 1064960K
  class space    used 1758K, capacity 1907K, committed 1920K, reserved 1048576K
Event: 6.349 GC heap after
Heap after GC invocations=7 (full 0):
 PSYoungGen      total 284672K, used 31231K [0x000000076c500000, 0x0000000790700000, 0x00000007c0000000)
  eden space 253440K, 0% used [0x000000076c500000,0x000000076c500000,0x000000077bc80000)
  from space 31232K, 99% used [0x000000077bc80000,0x000000077daffdf8,0x000000077db00000)
  to   space 42496K, 0% used [0x000000078dd80000,0x000000078dd80000,0x0000000790700000)
 ParOldGen       total 172032K, used 48540K [0x00000006c4e00000, 0x00000006cf600000, 0x000000076c500000)
  object space 172032K, 28% used [0x00000006c4e00000,0x00000006c7d670b0,0x00000006cf600000)
 Metaspace       used 15915K, capacity 16314K, committed 16512K, reserved 1064960K
  class space    used 1758K, capacity 1907K, committed 1920K, reserved 1048576K
}
Event: 8.648 GC heap before
{Heap before GC invocations=8 (full 0):
 PSYoungGen      total 284672K, used 257444K [0x000000076c500000, 0x0000000790700000, 0x00000007c0000000)
  eden space 253440K, 89% used [0x000000076c500000,0x000000077a1e9288,0x000000077bc80000)
  from space 31232K, 99% used [0x000000077bc80000,0x000000077daffdf8,0x000000077db00000)
  to   space 42496K, 0% used [0x000000078dd80000,0x000000078dd80000,0x0000000790700000)
 ParOldGen       total 172032K, used 48540K [0x00000006c4e00000, 0x00000006cf600000, 0x000000076c500000)
  object space 172032K, 28% used [0x00000006c4e00000,0x00000006c7d670b0,0x00000006cf600000)
 Metaspace       used 20758K, capacity 21204K, committed 21296K, reserved 1069056K
  class space    used 2400K, capacity 2576K, committed 2608K, reserved 1048576K
Event: 8.658 GC heap after
Heap after GC invocations=8 (full 0):
 PSYoungGen      total 545280K, used 20074K [0x000000076c500000, 0x0000000790300000, 0x00000007c0000000)
  eden space 506880K, 0% used [0x000000076c500000,0x000000076c500000,0x000000078b400000)
  from space 38400K, 52% used [0x000000078dd80000,0x000000078f11ab20,0x0000000790300000)
  to   space 40448K, 0% used [0x000000078b400000,0x000000078b400000,0x000000078db80000)
 ParOldGen       total 172032K, used 48692K [0x00000006c4e00000, 0x00000006cf600000, 0x000000076c500000)
  object space 172032K, 28% used [0x00000006c4e00000,0x00000006c7d8d0b0,0x00000006cf600000)
 Metaspace       used 20758K, capacity 21204K, committed 21296K, reserved 1069056K
  class space    used 2400K, capacity 2576K, committed 2608K, reserved 1048576K
}
Event: 8.658 GC heap before
{Heap before GC invocations=9 (full 1):
 PSYoungGen      total 545280K, used 20074K [0x000000076c500000, 0x0000000790300000, 0x00000007c0000000)
  eden space 506880K, 0% used [0x000000076c500000,0x000000076c500000,0x000000078b400000)
  from space 38400K, 52% used [0x000000078dd80000,0x000000078f11ab20,0x0000000790300000)
  to   space 40448K, 0% used [0x000000078b400000,0x000000078b400000,0x000000078db80000)
 ParOldGen       total 172032K, used 48692K [0x00000006c4e00000, 0x00000006cf600000, 0x000000076c500000)
  object space 172032K, 28% used [0x00000006c4e00000,0x00000006c7d8d0b0,0x00000006cf600000)
 Metaspace       used 20758K, capacity 21204K, committed 21296K, reserved 1069056K
  class space    used 2400K, capacity 2576K, committed 2608K, reserved 1048576K
Event: 8.682 GC heap after
Heap after GC invocations=9 (full 1):
 PSYoungGen      total 545280K, used 0K [0x000000076c500000, 0x0000000790300000, 0x00000007c0000000)
  eden space 506880K, 0% used [0x000000076c500000,0x000000076c500000,0x000000078b400000)
  from space 38400K, 0% used [0x000000078dd80000,0x000000078dd80000,0x0000000790300000)
  to   space 40448K, 0% used [0x000000078b400000,0x000000078b400000,0x000000078db80000)
 ParOldGen       total 117760K, used 25816K [0x00000006c4e00000, 0x00000006cc100000, 0x000000076c500000)
  object space 117760K, 21% used [0x00000006c4e00000,0x00000006c67361f0,0x00000006cc100000)
 Metaspace       used 20758K, capacity 21204K, committed 21296K, reserved 1069056K
  class space    used 2400K, capacity 2576K, committed 2608K, reserved 1048576K
}

