# JRE version: Java(TM) SE Runtime Environment (8.0_411) (build 1.8.0_411-b09)
# Java VM: Java HotSpot(TM) 64-Bit Server VM (25.411-b09 mixed mode windows-amd64 compressed oops)
Heap:
 PSYoungGen      total 514560K, used 74020K [0x000000076c500000, 0x0000000796480000, 0x00000007c0000000)
  eden space 482816K, 15% used [0x000000076c500000,0x0000000770d49038,0x0000000789c80000)
  from space 31744K, 0% used [0x0000000789c80000,0x0000000789c80000,0x000000078bb80000)
  to   space 30720K, 0% used [0x0000000794680000,0x0000000794680000,0x0000000796480000)
 ParOldGen       total 144896K, used 20777K [0x00000006c4e00000, 0x00000006cdb80000, 0x000000076c500000)
  object space 144896K, 14% used [0x00000006c4e00000,0x00000006c624a538,0x00000006cdb80000)
 Metaspace       used 36317K, capacity 36860K, committed 37288K, reserved 1081344K
  class space    used 4394K, capacity 4564K, committed 4656K, reserved 1048576K
GC Heap History (10 events):
Event: 5.581 GC heap before
{Heap before GC invocations=7 (full 0):
 PSYoungGen      total 275968K, used 161946K [0x000000076c500000, 0x0000000780000000, 0x00000007c0000000)
  eden space 250880K, 54% used [0x000000076c500000,0x0000000774aa7f70,0x000000077ba00000)
  from space 25088K, 99% used [0x000000077d980000,0x000000077f1fe8a8,0x000000077f200000)
  to   space 32256K, 0% used [0x000000077ba00000,0x000000077ba00000,0x000000077d980000)
 ParOldGen       total 172032K, used 35570K [0x00000006c4e00000, 0x00000006cf600000, 0x000000076c500000)
  object space 172032K, 20% used [0x00000006c4e00000,0x00000006c70bcbd8,0x00000006cf600000)
 Metaspace       used 20750K, capacity 21204K, committed 21296K, reserved 1069056K
  class space    used 2399K, capacity 2576K, committed 2608K, reserved 1048576K
Event: 5.590 GC heap after
Heap after GC invocations=7 (full 0):
 PSYoungGen      total 283136K, used 10698K [0x000000076c500000, 0x000000078ee00000, 0x00000007c0000000)
  eden space 250880K, 0% used [0x000000076c500000,0x000000076c500000,0x000000077ba00000)
  from space 32256K, 33% used [0x000000077ba00000,0x000000077c472930,0x000000077d980000)
  to   space 32256K, 0% used [0x000000078ce80000,0x000000078ce80000,0x000000078ee00000)
 ParOldGen       total 172032K, used 42516K [0x00000006c4e00000, 0x00000006cf600000, 0x000000076c500000)
  object space 172032K, 24% used [0x00000006c4e00000,0x00000006c7785100,0x00000006cf600000)
 Metaspace       used 20750K, capacity 21204K, committed 21296K, reserved 1069056K
  class space    used 2399K, capacity 2576K, committed 2608K, reserved 1048576K
}
Event: 5.590 GC heap before
{Heap before GC invocations=8 (full 1):
 PSYoungGen      total 283136K, used 10698K [0x000000076c500000, 0x000000078ee00000, 0x00000007c0000000)
  eden space 250880K, 0% used [0x000000076c500000,0x000000076c500000,0x000000077ba00000)
  from space 32256K, 33% used [0x000000077ba00000,0x000000077c472930,0x000000077d980000)
  to   space 32256K, 0% used [0x000000078ce80000,0x000000078ce80000,0x000000078ee00000)
 ParOldGen       total 172032K, used 42516K [0x00000006c4e00000, 0x00000006cf600000, 0x000000076c500000)
  object space 172032K, 24% used [0x00000006c4e00000,0x00000006c7785100,0x00000006cf600000)
 Metaspace       used 20750K, capacity 21204K, committed 21296K, reserved 1069056K
  class space    used 2399K, capacity 2576K, committed 2608K, reserved 1048576K
Event: 5.610 GC heap after
Heap after GC invocations=8 (full 1):
 PSYoungGen      total 283136K, used 0K [0x000000076c500000, 0x000000078ee00000, 0x00000007c0000000)
  eden space 250880K, 0% used [0x000000076c500000,0x000000076c500000,0x000000077ba00000)
  from space 32256K, 0% used [0x000000077ba00000,0x000000077ba00000,0x000000077d980000)
  to   space 32256K, 0% used [0x000000078ce80000,0x000000078ce80000,0x000000078ee00000)
 ParOldGen       total 108544K, used 17026K [0x00000006c4e00000, 0x00000006cb800000, 0x000000076c500000)
  object space 108544K, 15% used [0x00000006c4e00000,0x00000006c5ea0ac0,0x00000006cb800000)
 Metaspace       used 20750K, capacity 21204K, committed 21296K, reserved 1069056K
  class space    used 2399K, capacity 2576K, committed 2608K, reserved 1048576K
}
Event: 7.673 GC heap before
{Heap before GC invocations=9 (full 1):
 PSYoungGen      total 283136K, used 250880K [0x000000076c500000, 0x000000078ee00000, 0x00000007c0000000)
  eden space 250880K, 100% used [0x000000076c500000,0x000000077ba00000,0x000000077ba00000)
  from space 32256K, 0% used [0x000000077ba00000,0x000000077ba00000,0x000000077d980000)
  to   space 32256K, 0% used [0x000000078ce80000,0x000000078ce80000,0x000000078ee00000)
 ParOldGen       total 108544K, used 17026K [0x00000006c4e00000, 0x00000006cb800000, 0x000000076c500000)
  object space 108544K, 15% used [0x00000006c4e00000,0x00000006c5ea0ac0,0x00000006cb800000)
 Metaspace       used 29114K, capacity 29720K, committed 30128K, reserved 1075200K
  class space    used 3473K, capacity 3670K, committed 3760K, reserved 1048576K
Event: 7.680 GC heap after
Heap after GC invocations=9 (full 1):
 PSYoungGen      total 450560K, used 12091K [0x000000076c500000, 0x000000078da80000, 0x00000007c0000000)
  eden space 438272K, 0% used [0x000000076c500000,0x000000076c500000,0x0000000787100000)
  from space 12288K, 98% used [0x000000078ce80000,0x000000078da4ee28,0x000000078da80000)
  to   space 31744K, 0% used [0x0000000789c80000,0x0000000789c80000,0x000000078bb80000)
 ParOldGen       total 108544K, used 17034K [0x00000006c4e00000, 0x00000006cb800000, 0x000000076c500000)
  object space 108544K, 15% used [0x00000006c4e00000,0x00000006c5ea2ac0,0x00000006cb800000)
 Metaspace       used 29114K, capacity 29720K, committed 30128K, reserved 1075200K
  class space    used 3473K, capacity 3670K, committed 3760K, reserved 1048576K
}
Event: 9.131 GC heap before
{Heap before GC invocations=10 (full 1):
 PSYoungGen      total 450560K, used 238909K [0x000000076c500000, 0x000000078da80000, 0x00000007c0000000)
  eden space 438272K, 51% used [0x000000076c500000,0x000000077a280948,0x0000000787100000)
  from space 12288K, 98% used [0x000000078ce80000,0x000000078da4ee28,0x000000078da80000)
  to   space 31744K, 0% used [0x0000000789c80000,0x0000000789c80000,0x000000078bb80000)
 ParOldGen       total 108544K, used 17034K [0x00000006c4e00000, 0x00000006cb800000, 0x000000076c500000)
  object space 108544K, 15% used [0x00000006c4e00000,0x00000006c5ea2ac0,0x00000006cb800000)
 Metaspace       used 34690K, capacity 35276K, committed 35496K, reserved 1081344K
  class space    used 4156K, capacity 4362K, committed 4400K, reserved 1048576K
Event: 9.137 GC heap after
Heap after GC invocations=10 (full 1):
 PSYoungGen      total 514560K, used 12042K [0x000000076c500000, 0x0000000796480000, 0x00000007c0000000)
  eden space 482816K, 0% used [0x000000076c500000,0x000000076c500000,0x0000000789c80000)
  from space 31744K, 37% used [0x0000000789c80000,0x000000078a842a60,0x000000078bb80000)
  to   space 30720K, 0% used [0x0000000794680000,0x0000000794680000,0x0000000796480000)
 ParOldGen       total 108544K, used 17042K [0x00000006c4e00000, 0x00000006cb800000, 0x000000076c500000)
  object space 108544K, 15% used [0x00000006c4e00000,0x00000006c5ea4ac0,0x00000006cb800000)
 Metaspace       used 34690K, capacity 35276K, committed 35496K, reserved 1081344K
  class space    used 4156K, capacity 4362K, committed 4400K, reserved 1048576K
}
Event: 9.137 GC heap before
{Heap before GC invocations=11 (full 2):
 PSYoungGen      total 514560K, used 12042K [0x000000076c500000, 0x0000000796480000, 0x00000007c0000000)
  eden space 482816K, 0% used [0x000000076c500000,0x000000076c500000,0x0000000789c80000)
  from space 31744K, 37% used [0x0000000789c80000,0x000000078a842a60,0x000000078bb80000)
  to   space 30720K, 0% used [0x0000000794680000,0x0000000794680000,0x0000000796480000)
 ParOldGen       total 108544K, used 17042K [0x00000006c4e00000, 0x00000006cb800000, 0x000000076c500000)
  object space 108544K, 15% used [0x00000006c4e00000,0x00000006c5ea4ac0,0x00000006cb800000)
 Metaspace       used 34690K, capacity 35276K, committed 35496K, reserved 1081344K
  class space    used 4156K, capacity 4362K, committed 4400K, reserved 1048576K
Event: 9.315 GC heap after
Heap after GC invocations=11 (full 2):
 PSYoungGen      total 514560K, used 0K [0x000000076c500000, 0x0000000796480000, 0x00000007c0000000)
  eden space 482816K, 0% used [0x000000076c500000,0x000000076c500000,0x0000000789c80000)
  from space 31744K, 0% used [0x0000000789c80000,0x0000000789c80000,0x000000078bb80000)
  to   space 30720K, 0% used [0x0000000794680000,0x0000000794680000,0x0000000796480000)
 ParOldGen       total 144896K, used 20777K [0x00000006c4e00000, 0x00000006cdb80000, 0x000000076c500000)
  object space 144896K, 14% used [0x00000006c4e00000,0x00000006c624a538,0x00000006cdb80000)
 Metaspace       used 34690K, capacity 35276K, committed 35496K, reserved 1081344K
  class space    used 4156K, capacity 4362K, committed 4400K, reserved 1048576K
}

