# JRE version: Java(TM) SE Runtime Environment (8.0_411) (build 1.8.0_411-b09)
# Java VM: Java HotSpot(TM) 64-Bit Server VM (25.411-b09 mixed mode windows-amd64 compressed oops)
Heap:
 PSYoungGen      total 41984K, used 9390K [0x000000076c500000, 0x0000000784e00000, 0x00000007c0000000)
  eden space 41472K, 22% used [0x000000076c500000,0x000000076cdeb830,0x000000076ed80000)
  from space 512K, 50% used [0x0000000784d00000,0x0000000784d40000,0x0000000784d80000)
  to   space 512K, 0% used [0x0000000784d80000,0x0000000784d80000,0x0000000784e00000)
 ParOldGen       total 160256K, used 21306K [0x00000006c4e00000, 0x00000006cea80000, 0x000000076c500000)
  object space 160256K, 13% used [0x00000006c4e00000,0x00000006c62ce9e0,0x00000006cea80000)
 Metaspace       used 47080K, capacity 47710K, committed 48040K, reserved 1091584K
  class space    used 5255K, capacity 5459K, committed 5544K, reserved 1048576K
GC Heap History (10 events):
Event: 1510.960 GC heap before
{Heap before GC invocations=333 (full 2):
 PSYoungGen      total 41984K, used 41696K [0x000000076c500000, 0x0000000784e00000, 0x00000007c0000000)
  eden space 41472K, 100% used [0x000000076c500000,0x000000076ed80000,0x000000076ed80000)
  from space 512K, 43% used [0x0000000784d80000,0x0000000784db8000,0x0000000784e00000)
  to   space 512K, 0% used [0x0000000784d00000,0x0000000784d00000,0x0000000784d80000)
 ParOldGen       total 160256K, used 21306K [0x00000006c4e00000, 0x00000006cea80000, 0x000000076c500000)
  object space 160256K, 13% used [0x00000006c4e00000,0x00000006c62ce9e0,0x00000006cea80000)
 Metaspace       used 47071K, capacity 47710K, committed 48040K, reserved 1091584K
  class space    used 5255K, capacity 5459K, committed 5544K, reserved 1048576K
Event: 1510.962 GC heap after
Heap after GC invocations=333 (full 2):
 PSYoungGen      total 41984K, used 288K [0x000000076c500000, 0x0000000784e00000, 0x00000007c0000000)
  eden space 41472K, 0% used [0x000000076c500000,0x000000076c500000,0x000000076ed80000)
  from space 512K, 56% used [0x0000000784d00000,0x0000000784d48000,0x0000000784d80000)
  to   space 512K, 0% used [0x0000000784d80000,0x0000000784d80000,0x0000000784e00000)
 ParOldGen       total 160256K, used 21306K [0x00000006c4e00000, 0x00000006cea80000, 0x000000076c500000)
  object space 160256K, 13% used [0x00000006c4e00000,0x00000006c62ce9e0,0x00000006cea80000)
 Metaspace       used 47071K, capacity 47710K, committed 48040K, reserved 1091584K
  class space    used 5255K, capacity 5459K, committed 5544K, reserved 1048576K
}
Event: 1511.518 GC heap before
{Heap before GC invocations=334 (full 2):
 PSYoungGen      total 41984K, used 41760K [0x000000076c500000, 0x0000000784e00000, 0x00000007c0000000)
  eden space 41472K, 100% used [0x000000076c500000,0x000000076ed80000,0x000000076ed80000)
  from space 512K, 56% used [0x0000000784d00000,0x0000000784d48000,0x0000000784d80000)
  to   space 512K, 0% used [0x0000000784d80000,0x0000000784d80000,0x0000000784e00000)
 ParOldGen       total 160256K, used 21306K [0x00000006c4e00000, 0x00000006cea80000, 0x000000076c500000)
  object space 160256K, 13% used [0x00000006c4e00000,0x00000006c62ce9e0,0x00000006cea80000)
 Metaspace       used 47071K, capacity 47710K, committed 48040K, reserved 1091584K
  class space    used 5255K, capacity 5459K, committed 5544K, reserved 1048576K
Event: 1511.521 GC heap after
Heap after GC invocations=334 (full 2):
 PSYoungGen      total 41984K, used 256K [0x000000076c500000, 0x0000000784e00000, 0x00000007c0000000)
  eden space 41472K, 0% used [0x000000076c500000,0x000000076c500000,0x000000076ed80000)
  from space 512K, 50% used [0x0000000784d80000,0x0000000784dc0000,0x0000000784e00000)
  to   space 512K, 0% used [0x0000000784d00000,0x0000000784d00000,0x0000000784d80000)
 ParOldGen       total 160256K, used 21306K [0x00000006c4e00000, 0x00000006cea80000, 0x000000076c500000)
  object space 160256K, 13% used [0x00000006c4e00000,0x00000006c62ce9e0,0x00000006cea80000)
 Metaspace       used 47071K, capacity 47710K, committed 48040K, reserved 1091584K
  class space    used 5255K, capacity 5459K, committed 5544K, reserved 1048576K
}
Event: 1512.049 GC heap before
{Heap before GC invocations=335 (full 2):
 PSYoungGen      total 41984K, used 41728K [0x000000076c500000, 0x0000000784e00000, 0x00000007c0000000)
  eden space 41472K, 100% used [0x000000076c500000,0x000000076ed80000,0x000000076ed80000)
  from space 512K, 50% used [0x0000000784d80000,0x0000000784dc0000,0x0000000784e00000)
  to   space 512K, 0% used [0x0000000784d00000,0x0000000784d00000,0x0000000784d80000)
 ParOldGen       total 160256K, used 21306K [0x00000006c4e00000, 0x00000006cea80000, 0x000000076c500000)
  object space 160256K, 13% used [0x00000006c4e00000,0x00000006c62ce9e0,0x00000006cea80000)
 Metaspace       used 47071K, capacity 47710K, committed 48040K, reserved 1091584K
  class space    used 5255K, capacity 5459K, committed 5544K, reserved 1048576K
Event: 1512.050 GC heap after
Heap after GC invocations=335 (full 2):
 PSYoungGen      total 41984K, used 256K [0x000000076c500000, 0x0000000784e00000, 0x00000007c0000000)
  eden space 41472K, 0% used [0x000000076c500000,0x000000076c500000,0x000000076ed80000)
  from space 512K, 50% used [0x0000000784d00000,0x0000000784d40000,0x0000000784d80000)
  to   space 512K, 0% used [0x0000000784d80000,0x0000000784d80000,0x0000000784e00000)
 ParOldGen       total 160256K, used 21306K [0x00000006c4e00000, 0x00000006cea80000, 0x000000076c500000)
  object space 160256K, 13% used [0x00000006c4e00000,0x00000006c62ce9e0,0x00000006cea80000)
 Metaspace       used 47071K, capacity 47710K, committed 48040K, reserved 1091584K
  class space    used 5255K, capacity 5459K, committed 5544K, reserved 1048576K
}
Event: 1512.579 GC heap before
{Heap before GC invocations=336 (full 2):
 PSYoungGen      total 41984K, used 41728K [0x000000076c500000, 0x0000000784e00000, 0x00000007c0000000)
  eden space 41472K, 100% used [0x000000076c500000,0x000000076ed80000,0x000000076ed80000)
  from space 512K, 50% used [0x0000000784d00000,0x0000000784d40000,0x0000000784d80000)
  to   space 512K, 0% used [0x0000000784d80000,0x0000000784d80000,0x0000000784e00000)
 ParOldGen       total 160256K, used 21306K [0x00000006c4e00000, 0x00000006cea80000, 0x000000076c500000)
  object space 160256K, 13% used [0x00000006c4e00000,0x00000006c62ce9e0,0x00000006cea80000)
 Metaspace       used 47071K, capacity 47710K, committed 48040K, reserved 1091584K
  class space    used 5255K, capacity 5459K, committed 5544K, reserved 1048576K
Event: 1512.581 GC heap after
Heap after GC invocations=336 (full 2):
 PSYoungGen      total 41984K, used 256K [0x000000076c500000, 0x0000000784e00000, 0x00000007c0000000)
  eden space 41472K, 0% used [0x000000076c500000,0x000000076c500000,0x000000076ed80000)
  from space 512K, 50% used [0x0000000784d80000,0x0000000784dc0000,0x0000000784e00000)
  to   space 512K, 0% used [0x0000000784d00000,0x0000000784d00000,0x0000000784d80000)
 ParOldGen       total 160256K, used 21306K [0x00000006c4e00000, 0x00000006cea80000, 0x000000076c500000)
  object space 160256K, 13% used [0x00000006c4e00000,0x00000006c62ce9e0,0x00000006cea80000)
 Metaspace       used 47071K, capacity 47710K, committed 48040K, reserved 1091584K
  class space    used 5255K, capacity 5459K, committed 5544K, reserved 1048576K
}
Event: 1513.101 GC heap before
{Heap before GC invocations=337 (full 2):
 PSYoungGen      total 41984K, used 41728K [0x000000076c500000, 0x0000000784e00000, 0x00000007c0000000)
  eden space 41472K, 100% used [0x000000076c500000,0x000000076ed80000,0x000000076ed80000)
  from space 512K, 50% used [0x0000000784d80000,0x0000000784dc0000,0x0000000784e00000)
  to   space 512K, 0% used [0x0000000784d00000,0x0000000784d00000,0x0000000784d80000)
 ParOldGen       total 160256K, used 21306K [0x00000006c4e00000, 0x00000006cea80000, 0x000000076c500000)
  object space 160256K, 13% used [0x00000006c4e00000,0x00000006c62ce9e0,0x00000006cea80000)
 Metaspace       used 47071K, capacity 47710K, committed 48040K, reserved 1091584K
  class space    used 5255K, capacity 5459K, committed 5544K, reserved 1048576K
Event: 1513.103 GC heap after
Heap after GC invocations=337 (full 2):
 PSYoungGen      total 41984K, used 256K [0x000000076c500000, 0x0000000784e00000, 0x00000007c0000000)
  eden space 41472K, 0% used [0x000000076c500000,0x000000076c500000,0x000000076ed80000)
  from space 512K, 50% used [0x0000000784d00000,0x0000000784d40000,0x0000000784d80000)
  to   space 512K, 0% used [0x0000000784d80000,0x0000000784d80000,0x0000000784e00000)
 ParOldGen       total 160256K, used 21306K [0x00000006c4e00000, 0x00000006cea80000, 0x000000076c500000)
  object space 160256K, 13% used [0x00000006c4e00000,0x00000006c62ce9e0,0x00000006cea80000)
 Metaspace       used 47071K, capacity 47710K, committed 48040K, reserved 1091584K
  class space    used 5255K, capacity 5459K, committed 5544K, reserved 1048576K
}

