# JRE version: Java(TM) SE Runtime Environment (8.0_411) (build 1.8.0_411-b09)
# Java VM: Java HotSpot(TM) 64-Bit Server VM (25.411-b09 mixed mode windows-amd64 compressed oops)
Heap:
 PSYoungGen      total 548352K, used 330105K [0x000000076c500000, 0x000000079d880000, 0x00000007c0000000)
  eden space 507904K, 64% used [0x000000076c500000,0x000000078075e480,0x000000078b500000)
  from space 40448K, 0% used [0x000000078b500000,0x000000078b500000,0x000000078dc80000)
  to   space 39936K, 0% used [0x000000079b180000,0x000000079b180000,0x000000079d880000)
 ParOldGen       total 152064K, used 24610K [0x00000006c4e00000, 0x00000006ce280000, 0x000000076c500000)
  object space 152064K, 16% used [0x00000006c4e00000,0x00000006c6608878,0x00000006ce280000)
 Metaspace       used 41822K, capacity 42566K, committed 42792K, reserved 1087488K
  class space    used 4963K, capacity 5145K, committed 5168K, reserved 1048576K
GC Heap History (10 events):
Event: 5.334 GC heap before
{Heap before GC invocations=7 (full 0):
 PSYoungGen      total 281088K, used 281079K [0x000000076c500000, 0x000000077fe00000, 0x00000007c0000000)
  eden space 253952K, 100% used [0x000000076c500000,0x000000077bd00000,0x000000077bd00000)
  from space 27136K, 99% used [0x000000077db80000,0x000000077f5fddc0,0x000000077f600000)
  to   space 31232K, 0% used [0x000000077bd00000,0x000000077bd00000,0x000000077db80000)
 ParOldGen       total 172032K, used 34917K [0x00000006c4e00000, 0x00000006cf600000, 0x000000076c500000)
  object space 172032K, 20% used [0x00000006c4e00000,0x00000006c70195f8,0x00000006cf600000)
 Metaspace       used 15913K, capacity 16314K, committed 16512K, reserved 1064960K
  class space    used 1758K, capacity 1907K, committed 1920K, reserved 1048576K
Event: 5.351 GC heap after
Heap after GC invocations=7 (full 0):
 PSYoungGen      total 285184K, used 31218K [0x000000076c500000, 0x0000000790800000, 0x00000007c0000000)
  eden space 253952K, 0% used [0x000000076c500000,0x000000076c500000,0x000000077bd00000)
  from space 31232K, 99% used [0x000000077bd00000,0x000000077db7ca30,0x000000077db80000)
  to   space 42496K, 0% used [0x000000078de80000,0x000000078de80000,0x0000000790800000)
 ParOldGen       total 172032K, used 48515K [0x00000006c4e00000, 0x00000006cf600000, 0x000000076c500000)
  object space 172032K, 28% used [0x00000006c4e00000,0x00000006c7d60fb8,0x00000006cf600000)
 Metaspace       used 15913K, capacity 16314K, committed 16512K, reserved 1064960K
  class space    used 1758K, capacity 1907K, committed 1920K, reserved 1048576K
}
Event: 8.074 GC heap before
{Heap before GC invocations=8 (full 0):
 PSYoungGen      total 285184K, used 257830K [0x000000076c500000, 0x0000000790800000, 0x00000007c0000000)
  eden space 253952K, 89% used [0x000000076c500000,0x000000077a24cfc0,0x000000077bd00000)
  from space 31232K, 99% used [0x000000077bd00000,0x000000077db7ca30,0x000000077db80000)
  to   space 42496K, 0% used [0x000000078de80000,0x000000078de80000,0x0000000790800000)
 ParOldGen       total 172032K, used 48515K [0x00000006c4e00000, 0x00000006cf600000, 0x000000076c500000)
  object space 172032K, 28% used [0x00000006c4e00000,0x00000006c7d60fb8,0x00000006cf600000)
 Metaspace       used 20757K, capacity 21204K, committed 21296K, reserved 1069056K
  class space    used 2400K, capacity 2576K, committed 2608K, reserved 1048576K
Event: 8.082 GC heap after
Heap after GC invocations=8 (full 0):
 PSYoungGen      total 546304K, used 20036K [0x000000076c500000, 0x0000000790400000, 0x00000007c0000000)
  eden space 507904K, 0% used [0x000000076c500000,0x000000076c500000,0x000000078b500000)
  from space 38400K, 52% used [0x000000078de80000,0x000000078f211368,0x0000000790400000)
  to   space 40448K, 0% used [0x000000078b500000,0x000000078b500000,0x000000078dc80000)
 ParOldGen       total 172032K, used 48691K [0x00000006c4e00000, 0x00000006cf600000, 0x000000076c500000)
  object space 172032K, 28% used [0x00000006c4e00000,0x00000006c7d8cfb8,0x00000006cf600000)
 Metaspace       used 20757K, capacity 21204K, committed 21296K, reserved 1069056K
  class space    used 2400K, capacity 2576K, committed 2608K, reserved 1048576K
}
Event: 8.082 GC heap before
{Heap before GC invocations=9 (full 1):
 PSYoungGen      total 546304K, used 20036K [0x000000076c500000, 0x0000000790400000, 0x00000007c0000000)
  eden space 507904K, 0% used [0x000000076c500000,0x000000076c500000,0x000000078b500000)
  from space 38400K, 52% used [0x000000078de80000,0x000000078f211368,0x0000000790400000)
  to   space 40448K, 0% used [0x000000078b500000,0x000000078b500000,0x000000078dc80000)
 ParOldGen       total 172032K, used 48691K [0x00000006c4e00000, 0x00000006cf600000, 0x000000076c500000)
  object space 172032K, 28% used [0x00000006c4e00000,0x00000006c7d8cfb8,0x00000006cf600000)
 Metaspace       used 20757K, capacity 21204K, committed 21296K, reserved 1069056K
  class space    used 2400K, capacity 2576K, committed 2608K, reserved 1048576K
Event: 8.118 GC heap after
Heap after GC invocations=9 (full 1):
 PSYoungGen      total 546304K, used 0K [0x000000076c500000, 0x0000000790400000, 0x00000007c0000000)
  eden space 507904K, 0% used [0x000000076c500000,0x000000076c500000,0x000000078b500000)
  from space 38400K, 0% used [0x000000078de80000,0x000000078de80000,0x0000000790400000)
  to   space 40448K, 0% used [0x000000078b500000,0x000000078b500000,0x000000078dc80000)
 ParOldGen       total 124928K, used 25765K [0x00000006c4e00000, 0x00000006cc800000, 0x000000076c500000)
  object space 124928K, 20% used [0x00000006c4e00000,0x00000006c6729758,0x00000006cc800000)
 Metaspace       used 20757K, capacity 21204K, committed 21296K, reserved 1069056K
  class space    used 2400K, capacity 2576K, committed 2608K, reserved 1048576K
}
Event: 11.510 GC heap before
{Heap before GC invocations=10 (full 1):
 PSYoungGen      total 546304K, used 474512K [0x000000076c500000, 0x0000000790400000, 0x00000007c0000000)
  eden space 507904K, 93% used [0x000000076c500000,0x0000000789464260,0x000000078b500000)
  from space 38400K, 0% used [0x000000078de80000,0x000000078de80000,0x0000000790400000)
  to   space 40448K, 0% used [0x000000078b500000,0x000000078b500000,0x000000078dc80000)
 ParOldGen       total 124928K, used 25765K [0x00000006c4e00000, 0x00000006cc800000, 0x000000076c500000)
  object space 124928K, 20% used [0x00000006c4e00000,0x00000006c6729758,0x00000006cc800000)
 Metaspace       used 34801K, capacity 35380K, committed 35496K, reserved 1081344K
  class space    used 4097K, capacity 4272K, committed 4272K, reserved 1048576K
Event: 11.518 GC heap after
Heap after GC invocations=10 (full 1):
 PSYoungGen      total 548352K, used 15455K [0x000000076c500000, 0x000000079d880000, 0x00000007c0000000)
  eden space 507904K, 0% used [0x000000076c500000,0x000000076c500000,0x000000078b500000)
  from space 40448K, 38% used [0x000000078b500000,0x000000078c417c88,0x000000078dc80000)
  to   space 39936K, 0% used [0x000000079b180000,0x000000079b180000,0x000000079d880000)
 ParOldGen       total 124928K, used 25781K [0x00000006c4e00000, 0x00000006cc800000, 0x000000076c500000)
  object space 124928K, 20% used [0x00000006c4e00000,0x00000006c672d758,0x00000006cc800000)
 Metaspace       used 34801K, capacity 35380K, committed 35496K, reserved 1081344K
  class space    used 4097K, capacity 4272K, committed 4272K, reserved 1048576K
}
Event: 11.518 GC heap before
{Heap before GC invocations=11 (full 2):
 PSYoungGen      total 548352K, used 15455K [0x000000076c500000, 0x000000079d880000, 0x00000007c0000000)
  eden space 507904K, 0% used [0x000000076c500000,0x000000076c500000,0x000000078b500000)
  from space 40448K, 38% used [0x000000078b500000,0x000000078c417c88,0x000000078dc80000)
  to   space 39936K, 0% used [0x000000079b180000,0x000000079b180000,0x000000079d880000)
 ParOldGen       total 124928K, used 25781K [0x00000006c4e00000, 0x00000006cc800000, 0x000000076c500000)
  object space 124928K, 20% used [0x00000006c4e00000,0x00000006c672d758,0x00000006cc800000)
 Metaspace       used 34801K, capacity 35380K, committed 35496K, reserved 1081344K
  class space    used 4097K, capacity 4272K, committed 4272K, reserved 1048576K
Event: 11.544 GC heap after
Heap after GC invocations=11 (full 2):
 PSYoungGen      total 548352K, used 0K [0x000000076c500000, 0x000000079d880000, 0x00000007c0000000)
  eden space 507904K, 0% used [0x000000076c500000,0x000000076c500000,0x000000078b500000)
  from space 40448K, 0% used [0x000000078b500000,0x000000078b500000,0x000000078dc80000)
  to   space 39936K, 0% used [0x000000079b180000,0x000000079b180000,0x000000079d880000)
 ParOldGen       total 152064K, used 24610K [0x00000006c4e00000, 0x00000006ce280000, 0x000000076c500000)
  object space 152064K, 16% used [0x00000006c4e00000,0x00000006c6608878,0x00000006ce280000)
 Metaspace       used 34801K, capacity 35380K, committed 35496K, reserved 1081344K
  class space    used 4097K, capacity 4272K, committed 4272K, reserved 1048576K
}

