# JRE version: Java(TM) SE Runtime Environment (8.0_411) (build 1.8.0_411-b09)
# Java VM: Java HotSpot(TM) 64-Bit Server VM (25.411-b09 mixed mode windows-amd64 compressed oops)
Heap:
 PSYoungGen      total 132608K, used 129470K [0x000000076c500000, 0x0000000779080000, 0x00000007c0000000)
  eden space 125440K, 97% used [0x000000076c500000,0x0000000773c72e18,0x0000000773f80000)
  from space 7168K, 99% used [0x0000000778980000,0x000000077907cd48,0x0000000779080000)
  to   space 18944K, 0% used [0x0000000776b80000,0x0000000776b80000,0x0000000777e00000)
 ParOldGen       total 165376K, used 70693K [0x00000006c4e00000, 0x00000006cef80000, 0x000000076c500000)
  object space 165376K, 42% used [0x00000006c4e00000,0x00000006c9309648,0x00000006cef80000)
 Metaspace       used 72453K, capacity 73804K, committed 74136K, reserved 1114112K
  class space    used 8990K, capacity 9315K, committed 9368K, reserved 1048576K
GC Heap History (10 events):
Event: 11434.338 GC heap before
{Heap before GC invocations=2303 (full 3):
 PSYoungGen      total 76288K, used 76277K [0x000000076c500000, 0x0000000779900000, 0x00000007c0000000)
  eden space 74240K, 100% used [0x000000076c500000,0x0000000770d80000,0x0000000770d80000)
  from space 2048K, 99% used [0x0000000779580000,0x000000077977d6e8,0x0000000779780000)
  to   space 1536K, 0% used [0x0000000779780000,0x0000000779780000,0x0000000779900000)
 ParOldGen       total 165376K, used 45294K [0x00000006c4e00000, 0x00000006cef80000, 0x000000076c500000)
  object space 165376K, 27% used [0x00000006c4e00000,0x00000006c7a3b910,0x00000006cef80000)
 Metaspace       used 66060K, capacity 67258K, committed 67608K, reserved 1107968K
  class space    used 8133K, capacity 8418K, committed 8472K, reserved 1048576K
Event: 11434.352 GC heap after
Heap after GC invocations=2303 (full 3):
 PSYoungGen      total 74752K, used 1525K [0x000000076c500000, 0x0000000779900000, 0x00000007c0000000)
  eden space 73216K, 0% used [0x000000076c500000,0x000000076c500000,0x0000000770c80000)
  from space 1536K, 99% used [0x0000000779780000,0x00000007798fd6f8,0x0000000779900000)
  to   space 9216K, 0% used [0x0000000778700000,0x0000000778700000,0x0000000779000000)
 ParOldGen       total 165376K, used 57158K [0x00000006c4e00000, 0x00000006cef80000, 0x000000076c500000)
  object space 165376K, 34% used [0x00000006c4e00000,0x00000006c85d1b58,0x00000006cef80000)
 Metaspace       used 66060K, capacity 67258K, committed 67608K, reserved 1107968K
  class space    used 8133K, capacity 8418K, committed 8472K, reserved 1048576K
}
Event: 11435.929 GC heap before
{Heap before GC invocations=2304 (full 3):
 PSYoungGen      total 74752K, used 74741K [0x000000076c500000, 0x0000000779900000, 0x00000007c0000000)
  eden space 73216K, 100% used [0x000000076c500000,0x0000000770c80000,0x0000000770c80000)
  from space 1536K, 99% used [0x0000000779780000,0x00000007798fd6f8,0x0000000779900000)
  to   space 9216K, 0% used [0x0000000778700000,0x0000000778700000,0x0000000779000000)
 ParOldGen       total 165376K, used 57158K [0x00000006c4e00000, 0x00000006cef80000, 0x000000076c500000)
  object space 165376K, 34% used [0x00000006c4e00000,0x00000006c85d1b58,0x00000006cef80000)
 Metaspace       used 66114K, capacity 67322K, committed 67608K, reserved 1107968K
  class space    used 8133K, capacity 8418K, committed 8472K, reserved 1048576K
Event: 11435.956 GC heap after
Heap after GC invocations=2304 (full 3):
 PSYoungGen      total 92160K, used 9210K [0x000000076c500000, 0x0000000779800000, 0x00000007c0000000)
  eden space 82944K, 0% used [0x000000076c500000,0x000000076c500000,0x0000000771600000)
  from space 9216K, 99% used [0x0000000778700000,0x0000000778ffe960,0x0000000779000000)
  to   space 8192K, 0% used [0x0000000779000000,0x0000000779000000,0x0000000779800000)
 ParOldGen       total 165376K, used 61510K [0x00000006c4e00000, 0x00000006cef80000, 0x000000076c500000)
  object space 165376K, 37% used [0x00000006c4e00000,0x00000006c8a118d0,0x00000006cef80000)
 Metaspace       used 66114K, capacity 67322K, committed 67608K, reserved 1107968K
  class space    used 8133K, capacity 8418K, committed 8472K, reserved 1048576K
}
Event: 11437.900 GC heap before
{Heap before GC invocations=2305 (full 3):
 PSYoungGen      total 92160K, used 92154K [0x000000076c500000, 0x0000000779800000, 0x00000007c0000000)
  eden space 82944K, 100% used [0x000000076c500000,0x0000000771600000,0x0000000771600000)
  from space 9216K, 99% used [0x0000000778700000,0x0000000778ffe960,0x0000000779000000)
  to   space 8192K, 0% used [0x0000000779000000,0x0000000779000000,0x0000000779800000)
 ParOldGen       total 165376K, used 61510K [0x00000006c4e00000, 0x00000006cef80000, 0x000000076c500000)
  object space 165376K, 37% used [0x00000006c4e00000,0x00000006c8a118d0,0x00000006cef80000)
 Metaspace       used 66114K, capacity 67322K, committed 67608K, reserved 1107968K
  class space    used 8133K, capacity 8418K, committed 8472K, reserved 1048576K
Event: 11437.935 GC heap after
Heap after GC invocations=2305 (full 3):
 PSYoungGen      total 103424K, used 8181K [0x000000076c500000, 0x0000000779800000, 0x00000007c0000000)
  eden space 95232K, 0% used [0x000000076c500000,0x000000076c500000,0x0000000772200000)
  from space 8192K, 99% used [0x0000000779000000,0x00000007797fd6d8,0x0000000779800000)
  to   space 14848K, 0% used [0x0000000777b00000,0x0000000777b00000,0x0000000778980000)
 ParOldGen       total 165376K, used 65326K [0x00000006c4e00000, 0x00000006cef80000, 0x000000076c500000)
  object space 165376K, 39% used [0x00000006c4e00000,0x00000006c8dcb840,0x00000006cef80000)
 Metaspace       used 66114K, capacity 67322K, committed 67608K, reserved 1107968K
  class space    used 8133K, capacity 8418K, committed 8472K, reserved 1048576K
}
Event: 11440.020 GC heap before
{Heap before GC invocations=2306 (full 3):
 PSYoungGen      total 103424K, used 103413K [0x000000076c500000, 0x0000000779800000, 0x00000007c0000000)
  eden space 95232K, 100% used [0x000000076c500000,0x0000000772200000,0x0000000772200000)
  from space 8192K, 99% used [0x0000000779000000,0x00000007797fd6d8,0x0000000779800000)
  to   space 14848K, 0% used [0x0000000777b00000,0x0000000777b00000,0x0000000778980000)
 ParOldGen       total 165376K, used 65326K [0x00000006c4e00000, 0x00000006cef80000, 0x000000076c500000)
  object space 165376K, 39% used [0x00000006c4e00000,0x00000006c8dcb840,0x00000006cef80000)
 Metaspace       used 66114K, capacity 67322K, committed 67608K, reserved 1107968K
  class space    used 8133K, capacity 8418K, committed 8472K, reserved 1048576K
Event: 11440.047 GC heap after
Heap after GC invocations=2306 (full 3):
 PSYoungGen      total 124416K, used 14846K [0x000000076c500000, 0x0000000779080000, 0x00000007c0000000)
  eden space 109568K, 0% used [0x000000076c500000,0x000000076c500000,0x0000000773000000)
  from space 14848K, 99% used [0x0000000777b00000,0x000000077897fa08,0x0000000778980000)
  to   space 7168K, 0% used [0x0000000778980000,0x0000000778980000,0x0000000779080000)
 ParOldGen       total 165376K, used 67163K [0x00000006c4e00000, 0x00000006cef80000, 0x000000076c500000)
  object space 165376K, 40% used [0x00000006c4e00000,0x00000006c8f96c98,0x00000006cef80000)
 Metaspace       used 66114K, capacity 67322K, committed 67608K, reserved 1107968K
  class space    used 8133K, capacity 8418K, committed 8472K, reserved 1048576K
}
Event: 11442.913 GC heap before
{Heap before GC invocations=2307 (full 3):
 PSYoungGen      total 124416K, used 124414K [0x000000076c500000, 0x0000000779080000, 0x00000007c0000000)
  eden space 109568K, 100% used [0x000000076c500000,0x0000000773000000,0x0000000773000000)
  from space 14848K, 99% used [0x0000000777b00000,0x000000077897fa08,0x0000000778980000)
  to   space 7168K, 0% used [0x0000000778980000,0x0000000778980000,0x0000000779080000)
 ParOldGen       total 165376K, used 67163K [0x00000006c4e00000, 0x00000006cef80000, 0x000000076c500000)
  object space 165376K, 40% used [0x00000006c4e00000,0x00000006c8f96c98,0x00000006cef80000)
 Metaspace       used 67467K, capacity 68746K, committed 69144K, reserved 1110016K
  class space    used 8312K, capacity 8616K, committed 8728K, reserved 1048576K
Event: 11442.941 GC heap after
Heap after GC invocations=2307 (full 3):
 PSYoungGen      total 132608K, used 7155K [0x000000076c500000, 0x0000000779080000, 0x00000007c0000000)
  eden space 125440K, 0% used [0x000000076c500000,0x000000076c500000,0x0000000773f80000)
  from space 7168K, 99% used [0x0000000778980000,0x000000077907cd48,0x0000000779080000)
  to   space 18944K, 0% used [0x0000000776b80000,0x0000000776b80000,0x0000000777e00000)
 ParOldGen       total 165376K, used 70693K [0x00000006c4e00000, 0x00000006cef80000, 0x000000076c500000)
  object space 165376K, 42% used [0x00000006c4e00000,0x00000006c9309648,0x00000006cef80000)
 Metaspace       used 67467K, capacity 68746K, committed 69144K, reserved 1110016K
  class space    used 8312K, capacity 8616K, committed 8728K, reserved 1048576K
}

