# JRE version: Java(TM) SE Runtime Environment (8.0_411) (build 1.8.0_411-b09)
# Java VM: Java HotSpot(TM) 64-Bit Server VM (25.411-b09 mixed mode windows-amd64 compressed oops)
Heap:
 PSYoungGen      total 38400K, used 35182K [0x000000076c500000, 0x000000078d400000, 0x00000007c0000000)
  eden space 37888K, 92% used [0x000000076c500000,0x000000076e713b30,0x000000076ea00000)
  from space 512K, 56% used [0x000000078d380000,0x000000078d3c8000,0x000000078d400000)
  to   space 512K, 0% used [0x000000078d300000,0x000000078d300000,0x000000078d380000)
 ParOldGen       total 145920K, used 33514K [0x00000006c4e00000, 0x00000006cdc80000, 0x000000076c500000)
  object space 145920K, 22% used [0x00000006c4e00000,0x00000006c6eba8a8,0x00000006cdc80000)
 Metaspace       used 46968K, capacity 47785K, committed 48040K, reserved 1093632K
  class space    used 5502K, capacity 5743K, committed 5808K, reserved 1048576K
GC Heap History (10 events):
Event: 1207.699 GC heap before
{Heap before GC invocations=460 (full 2):
 PSYoungGen      total 38400K, used 38144K [0x000000076c500000, 0x000000078d400000, 0x00000007c0000000)
  eden space 37888K, 100% used [0x000000076c500000,0x000000076ea00000,0x000000076ea00000)
  from space 512K, 50% used [0x000000078d300000,0x000000078d340000,0x000000078d380000)
  to   space 512K, 0% used [0x000000078d380000,0x000000078d380000,0x000000078d400000)
 ParOldGen       total 145920K, used 33506K [0x00000006c4e00000, 0x00000006cdc80000, 0x000000076c500000)
  object space 145920K, 22% used [0x00000006c4e00000,0x00000006c6eb88a8,0x00000006cdc80000)
 Metaspace       used 46764K, capacity 47521K, committed 47784K, reserved 1091584K
  class space    used 5481K, capacity 5703K, committed 5808K, reserved 1048576K
Event: 1207.701 GC heap after
Heap after GC invocations=460 (full 2):
 PSYoungGen      total 38400K, used 256K [0x000000076c500000, 0x000000078d400000, 0x00000007c0000000)
  eden space 37888K, 0% used [0x000000076c500000,0x000000076c500000,0x000000076ea00000)
  from space 512K, 50% used [0x000000078d380000,0x000000078d3c0000,0x000000078d400000)
  to   space 512K, 0% used [0x000000078d300000,0x000000078d300000,0x000000078d380000)
 ParOldGen       total 145920K, used 33514K [0x00000006c4e00000, 0x00000006cdc80000, 0x000000076c500000)
  object space 145920K, 22% used [0x00000006c4e00000,0x00000006c6eba8a8,0x00000006cdc80000)
 Metaspace       used 46764K, capacity 47521K, committed 47784K, reserved 1091584K
  class space    used 5481K, capacity 5703K, committed 5808K, reserved 1048576K
}
Event: 1208.055 GC heap before
{Heap before GC invocations=461 (full 2):
 PSYoungGen      total 38400K, used 38144K [0x000000076c500000, 0x000000078d400000, 0x00000007c0000000)
  eden space 37888K, 100% used [0x000000076c500000,0x000000076ea00000,0x000000076ea00000)
  from space 512K, 50% used [0x000000078d380000,0x000000078d3c0000,0x000000078d400000)
  to   space 512K, 0% used [0x000000078d300000,0x000000078d300000,0x000000078d380000)
 ParOldGen       total 145920K, used 33514K [0x00000006c4e00000, 0x00000006cdc80000, 0x000000076c500000)
  object space 145920K, 22% used [0x00000006c4e00000,0x00000006c6eba8a8,0x00000006cdc80000)
 Metaspace       used 46764K, capacity 47521K, committed 47784K, reserved 1091584K
  class space    used 5481K, capacity 5703K, committed 5808K, reserved 1048576K
Event: 1208.056 GC heap after
Heap after GC invocations=461 (full 2):
 PSYoungGen      total 38400K, used 256K [0x000000076c500000, 0x000000078d400000, 0x00000007c0000000)
  eden space 37888K, 0% used [0x000000076c500000,0x000000076c500000,0x000000076ea00000)
  from space 512K, 50% used [0x000000078d300000,0x000000078d340000,0x000000078d380000)
  to   space 512K, 0% used [0x000000078d380000,0x000000078d380000,0x000000078d400000)
 ParOldGen       total 145920K, used 33514K [0x00000006c4e00000, 0x00000006cdc80000, 0x000000076c500000)
  object space 145920K, 22% used [0x00000006c4e00000,0x00000006c6eba8a8,0x00000006cdc80000)
 Metaspace       used 46764K, capacity 47521K, committed 47784K, reserved 1091584K
  class space    used 5481K, capacity 5703K, committed 5808K, reserved 1048576K
}
Event: 1218.576 GC heap before
{Heap before GC invocations=462 (full 2):
 PSYoungGen      total 38400K, used 38144K [0x000000076c500000, 0x000000078d400000, 0x00000007c0000000)
  eden space 37888K, 100% used [0x000000076c500000,0x000000076ea00000,0x000000076ea00000)
  from space 512K, 50% used [0x000000078d300000,0x000000078d340000,0x000000078d380000)
  to   space 512K, 0% used [0x000000078d380000,0x000000078d380000,0x000000078d400000)
 ParOldGen       total 145920K, used 33514K [0x00000006c4e00000, 0x00000006cdc80000, 0x000000076c500000)
  object space 145920K, 22% used [0x00000006c4e00000,0x00000006c6eba8a8,0x00000006cdc80000)
 Metaspace       used 46764K, capacity 47521K, committed 47784K, reserved 1091584K
  class space    used 5481K, capacity 5703K, committed 5808K, reserved 1048576K
Event: 1218.577 GC heap after
Heap after GC invocations=462 (full 2):
 PSYoungGen      total 38400K, used 352K [0x000000076c500000, 0x000000078d400000, 0x00000007c0000000)
  eden space 37888K, 0% used [0x000000076c500000,0x000000076c500000,0x000000076ea00000)
  from space 512K, 68% used [0x000000078d380000,0x000000078d3d8000,0x000000078d400000)
  to   space 512K, 0% used [0x000000078d300000,0x000000078d300000,0x000000078d380000)
 ParOldGen       total 145920K, used 33514K [0x00000006c4e00000, 0x00000006cdc80000, 0x000000076c500000)
  object space 145920K, 22% used [0x00000006c4e00000,0x00000006c6eba8a8,0x00000006cdc80000)
 Metaspace       used 46764K, capacity 47521K, committed 47784K, reserved 1091584K
  class space    used 5481K, capacity 5703K, committed 5808K, reserved 1048576K
}
Event: 1218.926 GC heap before
{Heap before GC invocations=463 (full 2):
 PSYoungGen      total 38400K, used 38240K [0x000000076c500000, 0x000000078d400000, 0x00000007c0000000)
  eden space 37888K, 100% used [0x000000076c500000,0x000000076ea00000,0x000000076ea00000)
  from space 512K, 68% used [0x000000078d380000,0x000000078d3d8000,0x000000078d400000)
  to   space 512K, 0% used [0x000000078d300000,0x000000078d300000,0x000000078d380000)
 ParOldGen       total 145920K, used 33514K [0x00000006c4e00000, 0x00000006cdc80000, 0x000000076c500000)
  object space 145920K, 22% used [0x00000006c4e00000,0x00000006c6eba8a8,0x00000006cdc80000)
 Metaspace       used 46764K, capacity 47521K, committed 47784K, reserved 1091584K
  class space    used 5481K, capacity 5703K, committed 5808K, reserved 1048576K
Event: 1218.927 GC heap after
Heap after GC invocations=463 (full 2):
 PSYoungGen      total 38400K, used 288K [0x000000076c500000, 0x000000078d400000, 0x00000007c0000000)
  eden space 37888K, 0% used [0x000000076c500000,0x000000076c500000,0x000000076ea00000)
  from space 512K, 56% used [0x000000078d300000,0x000000078d348000,0x000000078d380000)
  to   space 512K, 0% used [0x000000078d380000,0x000000078d380000,0x000000078d400000)
 ParOldGen       total 145920K, used 33514K [0x00000006c4e00000, 0x00000006cdc80000, 0x000000076c500000)
  object space 145920K, 22% used [0x00000006c4e00000,0x00000006c6eba8a8,0x00000006cdc80000)
 Metaspace       used 46764K, capacity 47521K, committed 47784K, reserved 1091584K
  class space    used 5481K, capacity 5703K, committed 5808K, reserved 1048576K
}
Event: 1219.352 GC heap before
{Heap before GC invocations=464 (full 2):
 PSYoungGen      total 38400K, used 38176K [0x000000076c500000, 0x000000078d400000, 0x00000007c0000000)
  eden space 37888K, 100% used [0x000000076c500000,0x000000076ea00000,0x000000076ea00000)
  from space 512K, 56% used [0x000000078d300000,0x000000078d348000,0x000000078d380000)
  to   space 512K, 0% used [0x000000078d380000,0x000000078d380000,0x000000078d400000)
 ParOldGen       total 145920K, used 33514K [0x00000006c4e00000, 0x00000006cdc80000, 0x000000076c500000)
  object space 145920K, 22% used [0x00000006c4e00000,0x00000006c6eba8a8,0x00000006cdc80000)
 Metaspace       used 46764K, capacity 47521K, committed 47784K, reserved 1091584K
  class space    used 5481K, capacity 5703K, committed 5808K, reserved 1048576K
Event: 1219.354 GC heap after
Heap after GC invocations=464 (full 2):
 PSYoungGen      total 38400K, used 288K [0x000000076c500000, 0x000000078d400000, 0x00000007c0000000)
  eden space 37888K, 0% used [0x000000076c500000,0x000000076c500000,0x000000076ea00000)
  from space 512K, 56% used [0x000000078d380000,0x000000078d3c8000,0x000000078d400000)
  to   space 512K, 0% used [0x000000078d300000,0x000000078d300000,0x000000078d380000)
 ParOldGen       total 145920K, used 33514K [0x00000006c4e00000, 0x00000006cdc80000, 0x000000076c500000)
  object space 145920K, 22% used [0x00000006c4e00000,0x00000006c6eba8a8,0x00000006cdc80000)
 Metaspace       used 46764K, capacity 47521K, committed 47784K, reserved 1091584K
  class space    used 5481K, capacity 5703K, committed 5808K, reserved 1048576K
}

