# JRE version: Java(TM) SE Runtime Environment (8.0_411) (build 1.8.0_411-b09)
# Java VM: Java HotSpot(TM) 64-Bit Server VM (25.411-b09 mixed mode windows-amd64 compressed oops)
Heap:
 PSYoungGen      total 284160K, used 68243K [0x000000076c500000, 0x000000077fd00000, 0x00000007c0000000)
  eden space 253440K, 26% used [0x000000076c500000,0x00000007707a4c98,0x000000077bc80000)
  from space 30720K, 0% used [0x000000077bc80000,0x000000077bc80000,0x000000077da80000)
  to   space 26112K, 0% used [0x000000077da80000,0x000000077da80000,0x000000077f400000)
 ParOldGen       total 112128K, used 20832K [0x00000006c4e00000, 0x00000006cbb80000, 0x000000076c500000)
  object space 112128K, 18% used [0x00000006c4e00000,0x00000006c6258148,0x00000006cbb80000)
 Metaspace       used 36076K, capacity 36766K, committed 37032K, reserved 1081344K
  class space    used 4366K, capacity 4557K, committed 4656K, reserved 1048576K
GC Heap History (10 events):
Event: 5.905 GC heap before
{Heap before GC invocations=7 (full 0):
 PSYoungGen      total 279552K, used 166813K [0x000000076c500000, 0x000000077fd00000, 0x00000007c0000000)
  eden space 253440K, 55% used [0x000000076c500000,0x0000000774e6d490,0x000000077bc80000)
  from space 26112K, 99% used [0x000000077da80000,0x000000077f3fa1f8,0x000000077f400000)
  to   space 30720K, 0% used [0x000000077bc80000,0x000000077bc80000,0x000000077da80000)
 ParOldGen       total 172032K, used 34353K [0x00000006c4e00000, 0x00000006cf600000, 0x000000076c500000)
  object space 172032K, 19% used [0x00000006c4e00000,0x00000006c6f8c568,0x00000006cf600000)
 Metaspace       used 20750K, capacity 21204K, committed 21296K, reserved 1069056K
  class space    used 2399K, capacity 2576K, committed 2608K, reserved 1048576K
Event: 7.939 GC heap after
Heap after GC invocations=7 (full 0):
 PSYoungGen      total 284160K, used 11231K [0x000000076c500000, 0x000000077fd00000, 0x00000007c0000000)
  eden space 253440K, 0% used [0x000000076c500000,0x000000076c500000,0x000000077bc80000)
  from space 30720K, 36% used [0x000000077bc80000,0x000000077c777cf0,0x000000077da80000)
  to   space 26112K, 0% used [0x000000077da80000,0x000000077da80000,0x000000077f400000)
 ParOldGen       total 172032K, used 41005K [0x00000006c4e00000, 0x00000006cf600000, 0x000000076c500000)
  object space 172032K, 23% used [0x00000006c4e00000,0x00000006c760b5d0,0x00000006cf600000)
 Metaspace       used 20750K, capacity 21204K, committed 21296K, reserved 1069056K
  class space    used 2399K, capacity 2576K, committed 2608K, reserved 1048576K
}
Event: 7.939 GC heap before
{Heap before GC invocations=8 (full 1):
 PSYoungGen      total 284160K, used 11231K [0x000000076c500000, 0x000000077fd00000, 0x00000007c0000000)
  eden space 253440K, 0% used [0x000000076c500000,0x000000076c500000,0x000000077bc80000)
  from space 30720K, 36% used [0x000000077bc80000,0x000000077c777cf0,0x000000077da80000)
  to   space 26112K, 0% used [0x000000077da80000,0x000000077da80000,0x000000077f400000)
 ParOldGen       total 172032K, used 41005K [0x00000006c4e00000, 0x00000006cf600000, 0x000000076c500000)
  object space 172032K, 23% used [0x00000006c4e00000,0x00000006c760b5d0,0x00000006cf600000)
 Metaspace       used 20750K, capacity 21204K, committed 21296K, reserved 1069056K
  class space    used 2399K, capacity 2576K, committed 2608K, reserved 1048576K
Event: 7.969 GC heap after
Heap after GC invocations=8 (full 1):
 PSYoungGen      total 284160K, used 0K [0x000000076c500000, 0x000000077fd00000, 0x00000007c0000000)
  eden space 253440K, 0% used [0x000000076c500000,0x000000076c500000,0x000000077bc80000)
  from space 30720K, 0% used [0x000000077bc80000,0x000000077bc80000,0x000000077da80000)
  to   space 26112K, 0% used [0x000000077da80000,0x000000077da80000,0x000000077f400000)
 ParOldGen       total 112128K, used 17593K [0x00000006c4e00000, 0x00000006cbb80000, 0x000000076c500000)
  object space 112128K, 15% used [0x00000006c4e00000,0x00000006c5f2e4b8,0x00000006cbb80000)
 Metaspace       used 20750K, capacity 21204K, committed 21296K, reserved 1069056K
  class space    used 2399K, capacity 2576K, committed 2608K, reserved 1048576K
}
Event: 10.207 GC heap before
{Heap before GC invocations=9 (full 1):
 PSYoungGen      total 284160K, used 253440K [0x000000076c500000, 0x000000077fd00000, 0x00000007c0000000)
  eden space 253440K, 100% used [0x000000076c500000,0x000000077bc80000,0x000000077bc80000)
  from space 30720K, 0% used [0x000000077bc80000,0x000000077bc80000,0x000000077da80000)
  to   space 26112K, 0% used [0x000000077da80000,0x000000077da80000,0x000000077f400000)
 ParOldGen       total 112128K, used 17593K [0x00000006c4e00000, 0x00000006cbb80000, 0x000000076c500000)
  object space 112128K, 15% used [0x00000006c4e00000,0x00000006c5f2e4b8,0x00000006cbb80000)
 Metaspace       used 29114K, capacity 29656K, committed 29872K, reserved 1075200K
  class space    used 3474K, capacity 3670K, committed 3760K, reserved 1048576K
Event: 12.237 GC heap after
Heap after GC invocations=9 (full 1):
 PSYoungGen      total 279552K, used 12168K [0x000000076c500000, 0x000000077fd00000, 0x00000007c0000000)
  eden space 253440K, 0% used [0x000000076c500000,0x000000076c500000,0x000000077bc80000)
  from space 26112K, 46% used [0x000000077da80000,0x000000077e6623b8,0x000000077f400000)
  to   space 30720K, 0% used [0x000000077bc80000,0x000000077bc80000,0x000000077da80000)
 ParOldGen       total 112128K, used 17601K [0x00000006c4e00000, 0x00000006cbb80000, 0x000000076c500000)
  object space 112128K, 15% used [0x00000006c4e00000,0x00000006c5f304b8,0x00000006cbb80000)
 Metaspace       used 29114K, capacity 29656K, committed 29872K, reserved 1075200K
  class space    used 3474K, capacity 3670K, committed 3760K, reserved 1048576K
}
Event: 13.664 GC heap before
{Heap before GC invocations=10 (full 1):
 PSYoungGen      total 279552K, used 230203K [0x000000076c500000, 0x000000077fd00000, 0x00000007c0000000)
  eden space 253440K, 86% used [0x000000076c500000,0x00000007799ecae0,0x000000077bc80000)
  from space 26112K, 46% used [0x000000077da80000,0x000000077e6623b8,0x000000077f400000)
  to   space 30720K, 0% used [0x000000077bc80000,0x000000077bc80000,0x000000077da80000)
 ParOldGen       total 112128K, used 17601K [0x00000006c4e00000, 0x00000006cbb80000, 0x000000076c500000)
  object space 112128K, 15% used [0x00000006c4e00000,0x00000006c5f304b8,0x00000006cbb80000)
 Metaspace       used 34692K, capacity 35276K, committed 35496K, reserved 1081344K
  class space    used 4157K, capacity 4362K, committed 4400K, reserved 1048576K
Event: 15.677 GC heap after
Heap after GC invocations=10 (full 1):
 PSYoungGen      total 284160K, used 11883K [0x000000076c500000, 0x000000077fd00000, 0x00000007c0000000)
  eden space 253440K, 0% used [0x000000076c500000,0x000000076c500000,0x000000077bc80000)
  from space 30720K, 38% used [0x000000077bc80000,0x000000077c81ad18,0x000000077da80000)
  to   space 26112K, 0% used [0x000000077da80000,0x000000077da80000,0x000000077f400000)
 ParOldGen       total 112128K, used 17609K [0x00000006c4e00000, 0x00000006cbb80000, 0x000000076c500000)
  object space 112128K, 15% used [0x00000006c4e00000,0x00000006c5f324b8,0x00000006cbb80000)
 Metaspace       used 34692K, capacity 35276K, committed 35496K, reserved 1081344K
  class space    used 4157K, capacity 4362K, committed 4400K, reserved 1048576K
}
Event: 15.677 GC heap before
{Heap before GC invocations=11 (full 2):
 PSYoungGen      total 284160K, used 11883K [0x000000076c500000, 0x000000077fd00000, 0x00000007c0000000)
  eden space 253440K, 0% used [0x000000076c500000,0x000000076c500000,0x000000077bc80000)
  from space 30720K, 38% used [0x000000077bc80000,0x000000077c81ad18,0x000000077da80000)
  to   space 26112K, 0% used [0x000000077da80000,0x000000077da80000,0x000000077f400000)
 ParOldGen       total 112128K, used 17609K [0x00000006c4e00000, 0x00000006cbb80000, 0x000000076c500000)
  object space 112128K, 15% used [0x00000006c4e00000,0x00000006c5f324b8,0x00000006cbb80000)
 Metaspace       used 34692K, capacity 35276K, committed 35496K, reserved 1081344K
  class space    used 4157K, capacity 4362K, committed 4400K, reserved 1048576K
Event: 19.741 GC heap after
Heap after GC invocations=11 (full 2):
 PSYoungGen      total 284160K, used 0K [0x000000076c500000, 0x000000077fd00000, 0x00000007c0000000)
  eden space 253440K, 0% used [0x000000076c500000,0x000000076c500000,0x000000077bc80000)
  from space 30720K, 0% used [0x000000077bc80000,0x000000077bc80000,0x000000077da80000)
  to   space 26112K, 0% used [0x000000077da80000,0x000000077da80000,0x000000077f400000)
 ParOldGen       total 112128K, used 20832K [0x00000006c4e00000, 0x00000006cbb80000, 0x000000076c500000)
  object space 112128K, 18% used [0x00000006c4e00000,0x00000006c6258148,0x00000006cbb80000)
 Metaspace       used 34692K, capacity 35276K, committed 35496K, reserved 1081344K
  class space    used 4157K, capacity 4362K, committed 4400K, reserved 1048576K
}

